<?xml version="1.0" encoding="utf-8"?>
<CoverageSession xmlns:xsd="http://www.w3.org/2001/XMLSchema" xmlns:xsi="http://www.w3.org/2001/XMLSchema-instance" Version="0.0.0.0">
  <Summary numSequencePoints="799" visitedSequencePoints="0" numBranchPoints="0" visitedBranchPoints="0" sequenceCoverage="0.0" branchCoverage="0.0" maxCyclomaticComplexity="0" minCyclomaticComplexity="0" maxCrapScore="0" minCrapScore="0" visitedClasses="0" numClasses="15" visitedMethods="0" numMethods="84" />
  <Modules>
    <Module>
      <Summary numSequencePoints="799" visitedSequencePoints="0" numBranchPoints="0" visitedBranchPoints="0" sequenceCoverage="0.0" branchCoverage="0.0" maxCyclomaticComplexity="0" minCyclomaticComplexity="0" maxCrapScore="0" minCrapScore="0" visitedClasses="0" numClasses="15" visitedMethods="0" numMethods="84" />
      <ModuleTime>0001-01-01T00:00:00</ModuleTime>
      <ModuleName>Scripts</ModuleName>
      <Files>
        <File uid="1" fullPath="C:/Users/denis/Desktop/UnityLab3/Assets/Scripts/Cell.cs" />
        <File uid="2" fullPath="C:/Users/denis/Desktop/UnityLab3/Assets/Scripts/CellView.cs" />
        <File uid="3" fullPath="C:/Users/denis/Desktop/UnityLab3/Assets/Scripts/DataManager.cs" />
        <File uid="4" fullPath="C:/Users/denis/Desktop/UnityLab3/Assets/Scripts/FileDataManager.cs" />
        <File uid="5" fullPath="C:/Users/denis/Desktop/UnityLab3/Assets/Scripts/GameActions.cs" />
        <File uid="6" fullPath="C:/Users/denis/Desktop/UnityLab3/Assets/Scripts/GameData.cs" />
        <File uid="7" fullPath="C:/Users/denis/Desktop/UnityLab3/Assets/Scripts/GameField.cs" />
        <File uid="8" fullPath="C:/Users/denis/Desktop/UnityLab3/Assets/Scripts/InputManager.cs" />
        <File uid="9" fullPath="C:/Users/denis/Desktop/UnityLab3/Assets/Scripts/ObservableInt.cs" />
        <File uid="10" fullPath="C:/Users/denis/Desktop/UnityLab3/Assets/Scripts/Pair.cs" />
        <File uid="11" fullPath="C:/Users/denis/Desktop/UnityLab3/Assets/Scripts/ScoreListener.cs" />
        <File uid="12" fullPath="C:/Users/denis/Desktop/UnityLab3/Assets/Scripts/Serializable2DArray.cs" />
      </Files>
      <Classes>
        <Class>
          <Summary numSequencePoints="25" visitedSequencePoints="0" numBranchPoints="0" visitedBranchPoints="0" sequenceCoverage="0.0" branchCoverage="0.0" maxCyclomaticComplexity="0" minCyclomaticComplexity="0" maxCrapScore="0" minCrapScore="0" visitedClasses="0" numClasses="1" visitedMethods="0" numMethods="7" />
          <FullName>Cell</FullName>
          <Methods>
            <Method visited="false" cyclomaticComplexity="0" nPathComplexity="0" sequenceCoverage="0.0" branchCoverage="0" crapScore="0" isConstructor="false" isStatic="false" isGetter="true" isSetter="false">
              <Summary numSequencePoints="3" visitedSequencePoints="0" numBranchPoints="0" visitedBranchPoints="0" sequenceCoverage="0.0" branchCoverage="0" maxCyclomaticComplexity="0" minCyclomaticComplexity="0" maxCrapScore="0" minCrapScore="0" visitedClasses="0" numClasses="0" visitedMethods="0" numMethods="1" />
              <MetadataToken>100663301</MetadataToken>
              <Name>System.Int32 Cell::get_Value()</Name>
              <FileRef uid="1" />
              <SequencePoints>
                <SequencePoint vc="0" uspid="1599" ordinal="0" offset="0" sl="17" sc="9" el="17" ec="9" bec="0" bev="0" fileid="1" />
                <SequencePoint vc="0" uspid="1600" ordinal="0" offset="1" sl="18" sc="13" el="18" ec="13" bec="0" bev="0" fileid="1" />
                <SequencePoint vc="0" uspid="1601" ordinal="0" offset="10" sl="19" sc="9" el="19" ec="9" bec="0" bev="0" fileid="1" />
              </SequencePoints>
              <BranchPoints />
            </Method>
            <Method visited="false" cyclomaticComplexity="0" nPathComplexity="0" sequenceCoverage="0.0" branchCoverage="0" crapScore="0" isConstructor="false" isStatic="false" isGetter="false" isSetter="true">
              <Summary numSequencePoints="4" visitedSequencePoints="0" numBranchPoints="0" visitedBranchPoints="0" sequenceCoverage="0.0" branchCoverage="0" maxCyclomaticComplexity="0" minCyclomaticComplexity="0" maxCrapScore="0" minCrapScore="0" visitedClasses="0" numClasses="0" visitedMethods="0" numMethods="1" />
              <MetadataToken>100663302</MetadataToken>
              <Name>System.Void Cell::set_Value(System.Int32)</Name>
              <FileRef uid="1" />
              <SequencePoints>
                <SequencePoint vc="0" uspid="1602" ordinal="0" offset="0" sl="21" sc="9" el="21" ec="9" bec="0" bev="0" fileid="1" />
                <SequencePoint vc="0" uspid="1603" ordinal="0" offset="1" sl="22" sc="13" el="22" ec="13" bec="0" bev="0" fileid="1" />
                <SequencePoint vc="0" uspid="1604" ordinal="0" offset="8" sl="23" sc="13" el="23" ec="13" bec="0" bev="0" fileid="1" />
                <SequencePoint vc="0" uspid="1605" ordinal="0" offset="26" sl="24" sc="9" el="24" ec="9" bec="0" bev="0" fileid="1" />
              </SequencePoints>
              <BranchPoints />
            </Method>
            <Method visited="false" cyclomaticComplexity="0" nPathComplexity="0" sequenceCoverage="0.0" branchCoverage="0" crapScore="0" isConstructor="false" isStatic="false" isGetter="true" isSetter="false">
              <Summary numSequencePoints="3" visitedSequencePoints="0" numBranchPoints="0" visitedBranchPoints="0" sequenceCoverage="0.0" branchCoverage="0" maxCyclomaticComplexity="0" minCyclomaticComplexity="0" maxCrapScore="0" minCrapScore="0" visitedClasses="0" numClasses="0" visitedMethods="0" numMethods="1" />
              <MetadataToken>100663303</MetadataToken>
              <Name>UnityEngine.Vector3 Cell::get_Position()</Name>
              <FileRef uid="1" />
              <SequencePoints>
                <SequencePoint vc="0" uspid="1606" ordinal="0" offset="0" sl="30" sc="9" el="30" ec="9" bec="0" bev="0" fileid="1" />
                <SequencePoint vc="0" uspid="1607" ordinal="0" offset="1" sl="31" sc="13" el="31" ec="13" bec="0" bev="0" fileid="1" />
                <SequencePoint vc="0" uspid="1608" ordinal="0" offset="10" sl="32" sc="9" el="32" ec="9" bec="0" bev="0" fileid="1" />
              </SequencePoints>
              <BranchPoints />
            </Method>
            <Method visited="false" cyclomaticComplexity="0" nPathComplexity="0" sequenceCoverage="0.0" branchCoverage="0" crapScore="0" isConstructor="false" isStatic="false" isGetter="false" isSetter="true">
              <Summary numSequencePoints="4" visitedSequencePoints="0" numBranchPoints="0" visitedBranchPoints="0" sequenceCoverage="0.0" branchCoverage="0" maxCyclomaticComplexity="0" minCyclomaticComplexity="0" maxCrapScore="0" minCrapScore="0" visitedClasses="0" numClasses="0" visitedMethods="0" numMethods="1" />
              <MetadataToken>100663304</MetadataToken>
              <Name>System.Void Cell::set_Position(UnityEngine.Vector3)</Name>
              <FileRef uid="1" />
              <SequencePoints>
                <SequencePoint vc="0" uspid="1609" ordinal="0" offset="0" sl="34" sc="9" el="34" ec="9" bec="0" bev="0" fileid="1" />
                <SequencePoint vc="0" uspid="1610" ordinal="0" offset="1" sl="35" sc="13" el="35" ec="13" bec="0" bev="0" fileid="1" />
                <SequencePoint vc="0" uspid="1611" ordinal="0" offset="8" sl="36" sc="13" el="36" ec="13" bec="0" bev="0" fileid="1" />
                <SequencePoint vc="0" uspid="1612" ordinal="0" offset="26" sl="37" sc="9" el="37" ec="9" bec="0" bev="0" fileid="1" />
              </SequencePoints>
              <BranchPoints />
            </Method>
            <Method visited="false" cyclomaticComplexity="0" nPathComplexity="0" sequenceCoverage="0.0" branchCoverage="0" crapScore="0" isConstructor="false" isStatic="false" isGetter="true" isSetter="false">
              <Summary numSequencePoints="3" visitedSequencePoints="0" numBranchPoints="0" visitedBranchPoints="0" sequenceCoverage="0.0" branchCoverage="0" maxCyclomaticComplexity="0" minCyclomaticComplexity="0" maxCrapScore="0" minCrapScore="0" visitedClasses="0" numClasses="0" visitedMethods="0" numMethods="1" />
              <MetadataToken>100663305</MetadataToken>
              <Name>System.Boolean Cell::get_Merged()</Name>
              <FileRef uid="1" />
              <SequencePoints>
                <SequencePoint vc="0" uspid="1613" ordinal="0" offset="0" sl="42" sc="13" el="42" ec="13" bec="0" bev="0" fileid="1" />
                <SequencePoint vc="0" uspid="1614" ordinal="0" offset="1" sl="42" sc="15" el="42" ec="15" bec="0" bev="0" fileid="1" />
                <SequencePoint vc="0" uspid="1615" ordinal="0" offset="10" sl="42" sc="31" el="42" ec="31" bec="0" bev="0" fileid="1" />
              </SequencePoints>
              <BranchPoints />
            </Method>
            <Method visited="false" cyclomaticComplexity="0" nPathComplexity="0" sequenceCoverage="0.0" branchCoverage="0" crapScore="0" isConstructor="false" isStatic="false" isGetter="false" isSetter="true">
              <Summary numSequencePoints="3" visitedSequencePoints="0" numBranchPoints="0" visitedBranchPoints="0" sequenceCoverage="0.0" branchCoverage="0" maxCyclomaticComplexity="0" minCyclomaticComplexity="0" maxCrapScore="0" minCrapScore="0" visitedClasses="0" numClasses="0" visitedMethods="0" numMethods="1" />
              <MetadataToken>100663306</MetadataToken>
              <Name>System.Void Cell::set_Merged(System.Boolean)</Name>
              <FileRef uid="1" />
              <SequencePoints>
                <SequencePoint vc="0" uspid="1616" ordinal="0" offset="0" sl="43" sc="13" el="43" ec="13" bec="0" bev="0" fileid="1" />
                <SequencePoint vc="0" uspid="1617" ordinal="0" offset="1" sl="43" sc="15" el="43" ec="15" bec="0" bev="0" fileid="1" />
                <SequencePoint vc="0" uspid="1618" ordinal="0" offset="8" sl="43" sc="32" el="43" ec="32" bec="0" bev="0" fileid="1" />
              </SequencePoints>
              <BranchPoints />
            </Method>
            <Method visited="false" cyclomaticComplexity="0" nPathComplexity="0" sequenceCoverage="0.0" branchCoverage="0" crapScore="0" isConstructor="true" isStatic="false" isGetter="false" isSetter="false">
              <Summary numSequencePoints="5" visitedSequencePoints="0" numBranchPoints="0" visitedBranchPoints="0" sequenceCoverage="0.0" branchCoverage="0" maxCyclomaticComplexity="0" minCyclomaticComplexity="0" maxCrapScore="0" minCrapScore="0" visitedClasses="0" numClasses="0" visitedMethods="0" numMethods="1" />
              <MetadataToken>100663307</MetadataToken>
              <Name>Cell::Cell(System.Int32, UnityEngine.Vector3)</Name>
              <FileRef uid="1" />
              <SequencePoints>
                <SequencePoint vc="0" uspid="1619" ordinal="0" offset="0" sl="46" sc="5" el="46" ec="5" bec="0" bev="0" fileid="1" />
                <SequencePoint vc="0" uspid="1620" ordinal="0" offset="7" sl="47" sc="5" el="47" ec="5" bec="0" bev="0" fileid="1" />
                <SequencePoint vc="0" uspid="1621" ordinal="0" offset="8" sl="48" sc="9" el="48" ec="9" bec="0" bev="0" fileid="1" />
                <SequencePoint vc="0" uspid="1622" ordinal="0" offset="15" sl="49" sc="9" el="49" ec="9" bec="0" bev="0" fileid="1" />
                <SequencePoint vc="0" uspid="1623" ordinal="0" offset="22" sl="50" sc="5" el="50" ec="5" bec="0" bev="0" fileid="1" />
              </SequencePoints>
              <BranchPoints />
            </Method>
          </Methods>
        </Class>
        <Class>
          <Summary numSequencePoints="22" visitedSequencePoints="0" numBranchPoints="0" visitedBranchPoints="0" sequenceCoverage="0.0" branchCoverage="0.0" maxCyclomaticComplexity="0" minCyclomaticComplexity="0" maxCrapScore="0" minCrapScore="0" visitedClasses="0" numClasses="1" visitedMethods="0" numMethods="6" />
          <FullName>CellView</FullName>
          <Methods>
            <Method visited="false" cyclomaticComplexity="0" nPathComplexity="0" sequenceCoverage="0.0" branchCoverage="0" crapScore="0" isConstructor="false" isStatic="false" isGetter="true" isSetter="false">
              <Summary numSequencePoints="1" visitedSequencePoints="0" numBranchPoints="0" visitedBranchPoints="0" sequenceCoverage="0.0" branchCoverage="0" maxCyclomaticComplexity="0" minCyclomaticComplexity="0" maxCrapScore="0" minCrapScore="0" visitedClasses="0" numClasses="0" visitedMethods="0" numMethods="1" />
              <MetadataToken>100663308</MetadataToken>
              <Name>System.Boolean CellView::get_isMoving()</Name>
              <FileRef uid="2" />
              <SequencePoints>
                <SequencePoint vc="0" uspid="1624" ordinal="0" offset="0" sl="9" sc="28" el="9" ec="28" bec="0" bev="0" fileid="2" />
              </SequencePoints>
              <BranchPoints />
            </Method>
            <Method visited="false" cyclomaticComplexity="0" nPathComplexity="0" sequenceCoverage="0.0" branchCoverage="0" crapScore="0" isConstructor="false" isStatic="false" isGetter="false" isSetter="true">
              <Summary numSequencePoints="1" visitedSequencePoints="0" numBranchPoints="0" visitedBranchPoints="0" sequenceCoverage="0.0" branchCoverage="0" maxCyclomaticComplexity="0" minCyclomaticComplexity="0" maxCrapScore="0" minCrapScore="0" visitedClasses="0" numClasses="0" visitedMethods="0" numMethods="1" />
              <MetadataToken>100663309</MetadataToken>
              <Name>System.Void CellView::set_isMoving(System.Boolean)</Name>
              <FileRef uid="2" />
              <SequencePoints>
                <SequencePoint vc="0" uspid="1625" ordinal="0" offset="0" sl="9" sc="33" el="9" ec="33" bec="0" bev="0" fileid="2" />
              </SequencePoints>
              <BranchPoints />
            </Method>
            <Method visited="false" cyclomaticComplexity="0" nPathComplexity="0" sequenceCoverage="0.0" branchCoverage="0" crapScore="0" isConstructor="false" isStatic="false" isGetter="false" isSetter="false">
              <Summary numSequencePoints="4" visitedSequencePoints="0" numBranchPoints="0" visitedBranchPoints="0" sequenceCoverage="0.0" branchCoverage="0" maxCyclomaticComplexity="0" minCyclomaticComplexity="0" maxCrapScore="0" minCrapScore="0" visitedClasses="0" numClasses="0" visitedMethods="0" numMethods="1" />
              <MetadataToken>100663310</MetadataToken>
              <Name>System.Void CellView::Awake()</Name>
              <FileRef uid="2" />
              <SequencePoints>
                <SequencePoint vc="0" uspid="1626" ordinal="0" offset="0" sl="27" sc="5" el="27" ec="5" bec="0" bev="0" fileid="2" />
                <SequencePoint vc="0" uspid="1627" ordinal="0" offset="1" sl="28" sc="9" el="28" ec="9" bec="0" bev="0" fileid="2" />
                <SequencePoint vc="0" uspid="1628" ordinal="0" offset="12" sl="35" sc="9" el="35" ec="9" bec="0" bev="0" fileid="2" />
                <SequencePoint vc="0" uspid="1629" ordinal="0" offset="24" sl="40" sc="5" el="40" ec="5" bec="0" bev="0" fileid="2" />
              </SequencePoints>
              <BranchPoints />
            </Method>
            <Method visited="false" cyclomaticComplexity="0" nPathComplexity="0" sequenceCoverage="0.0" branchCoverage="0" crapScore="0" isConstructor="false" isStatic="false" isGetter="false" isSetter="false">
              <Summary numSequencePoints="8" visitedSequencePoints="0" numBranchPoints="0" visitedBranchPoints="0" sequenceCoverage="0.0" branchCoverage="0" maxCyclomaticComplexity="0" minCyclomaticComplexity="0" maxCrapScore="0" minCrapScore="0" visitedClasses="0" numClasses="0" visitedMethods="0" numMethods="1" />
              <MetadataToken>100663311</MetadataToken>
              <Name>System.Void CellView::Init(Cell)</Name>
              <FileRef uid="2" />
              <SequencePoints>
                <SequencePoint vc="0" uspid="1630" ordinal="0" offset="0" sl="43" sc="5" el="43" ec="5" bec="0" bev="0" fileid="2" />
                <SequencePoint vc="0" uspid="1631" ordinal="0" offset="1" sl="44" sc="9" el="44" ec="9" bec="0" bev="0" fileid="2" />
                <SequencePoint vc="0" uspid="1632" ordinal="0" offset="8" sl="45" sc="9" el="45" ec="9" bec="0" bev="0" fileid="2" />
                <SequencePoint vc="0" uspid="1633" ordinal="0" offset="49" sl="46" sc="9" el="46" ec="9" bec="0" bev="0" fileid="2" />
                <SequencePoint vc="0" uspid="1634" ordinal="0" offset="89" sl="47" sc="9" el="47" ec="9" bec="0" bev="0" fileid="2" />
                <SequencePoint vc="0" uspid="1635" ordinal="0" offset="115" sl="48" sc="9" el="48" ec="9" bec="0" bev="0" fileid="2" />
                <SequencePoint vc="0" uspid="1636" ordinal="0" offset="134" sl="49" sc="9" el="49" ec="9" bec="0" bev="0" fileid="2" />
                <SequencePoint vc="0" uspid="1637" ordinal="0" offset="153" sl="50" sc="5" el="50" ec="5" bec="0" bev="0" fileid="2" />
              </SequencePoints>
              <BranchPoints />
            </Method>
            <Method visited="false" cyclomaticComplexity="0" nPathComplexity="0" sequenceCoverage="0.0" branchCoverage="0" crapScore="0" isConstructor="false" isStatic="false" isGetter="false" isSetter="false">
              <Summary numSequencePoints="5" visitedSequencePoints="0" numBranchPoints="0" visitedBranchPoints="0" sequenceCoverage="0.0" branchCoverage="0" maxCyclomaticComplexity="0" minCyclomaticComplexity="0" maxCrapScore="0" minCrapScore="0" visitedClasses="0" numClasses="0" visitedMethods="0" numMethods="1" />
              <MetadataToken>100663312</MetadataToken>
              <Name>System.Void CellView::UpdateValue()</Name>
              <FileRef uid="2" />
              <SequencePoints>
                <SequencePoint vc="0" uspid="1638" ordinal="0" offset="0" sl="53" sc="5" el="53" ec="5" bec="0" bev="0" fileid="2" />
                <SequencePoint vc="0" uspid="1639" ordinal="0" offset="1" sl="54" sc="9" el="54" ec="9" bec="0" bev="0" fileid="2" />
                <SequencePoint vc="0" uspid="1640" ordinal="0" offset="47" sl="55" sc="9" el="55" ec="9" bec="0" bev="0" fileid="2" />
                <SequencePoint vc="0" uspid="1641" ordinal="0" offset="87" sl="56" sc="9" el="56" ec="9" bec="0" bev="0" fileid="2" />
                <SequencePoint vc="0" uspid="1642" ordinal="0" offset="118" sl="57" sc="5" el="57" ec="5" bec="0" bev="0" fileid="2" />
              </SequencePoints>
              <BranchPoints />
            </Method>
            <Method visited="false" cyclomaticComplexity="0" nPathComplexity="0" sequenceCoverage="0.0" branchCoverage="0" crapScore="0" isConstructor="false" isStatic="false" isGetter="false" isSetter="false">
              <Summary numSequencePoints="3" visitedSequencePoints="0" numBranchPoints="0" visitedBranchPoints="0" sequenceCoverage="0.0" branchCoverage="0" maxCyclomaticComplexity="0" minCyclomaticComplexity="0" maxCrapScore="0" minCrapScore="0" visitedClasses="0" numClasses="0" visitedMethods="0" numMethods="1" />
              <MetadataToken>100663313</MetadataToken>
              <Name>System.Void CellView::UpdatePosition()</Name>
              <FileRef uid="2" />
              <SequencePoints>
                <SequencePoint vc="0" uspid="1643" ordinal="0" offset="0" sl="60" sc="5" el="60" ec="5" bec="0" bev="0" fileid="2" />
                <SequencePoint vc="0" uspid="1644" ordinal="0" offset="1" sl="61" sc="9" el="61" ec="9" bec="0" bev="0" fileid="2" />
                <SequencePoint vc="0" uspid="1645" ordinal="0" offset="36" sl="62" sc="5" el="62" ec="5" bec="0" bev="0" fileid="2" />
              </SequencePoints>
              <BranchPoints />
            </Method>
          </Methods>
        </Class>
        <Class>
          <Summary numSequencePoints="37" visitedSequencePoints="0" numBranchPoints="0" visitedBranchPoints="0" sequenceCoverage="0.0" branchCoverage="0.0" maxCyclomaticComplexity="0" minCyclomaticComplexity="0" maxCrapScore="0" minCrapScore="0" visitedClasses="0" numClasses="1" visitedMethods="0" numMethods="6" />
          <FullName>DataManager</FullName>
          <Methods>
            <Method visited="false" cyclomaticComplexity="0" nPathComplexity="0" sequenceCoverage="0.0" branchCoverage="0" crapScore="0" isConstructor="false" isStatic="false" isGetter="false" isSetter="false">
              <Summary numSequencePoints="5" visitedSequencePoints="0" numBranchPoints="0" visitedBranchPoints="0" sequenceCoverage="0.0" branchCoverage="0" maxCyclomaticComplexity="0" minCyclomaticComplexity="0" maxCrapScore="0" minCrapScore="0" visitedClasses="0" numClasses="0" visitedMethods="0" numMethods="1" />
              <MetadataToken>100663316</MetadataToken>
              <Name>System.Void DataManager::Start()</Name>
              <FileRef uid="3" />
              <SequencePoints>
                <SequencePoint vc="0" uspid="1646" ordinal="0" offset="0" sl="18" sc="5" el="18" ec="5" bec="0" bev="0" fileid="3" />
                <SequencePoint vc="0" uspid="1647" ordinal="0" offset="1" sl="19" sc="9" el="19" ec="9" bec="0" bev="0" fileid="3" />
                <SequencePoint vc="0" uspid="1648" ordinal="0" offset="23" sl="20" sc="9" el="20" ec="9" bec="0" bev="0" fileid="3" />
                <SequencePoint vc="0" uspid="1649" ordinal="0" offset="55" sl="21" sc="9" el="21" ec="9" bec="0" bev="0" fileid="3" />
                <SequencePoint vc="0" uspid="1650" ordinal="0" offset="62" sl="22" sc="5" el="22" ec="5" bec="0" bev="0" fileid="3" />
              </SequencePoints>
              <BranchPoints />
            </Method>
            <Method visited="false" cyclomaticComplexity="0" nPathComplexity="0" sequenceCoverage="0.0" branchCoverage="0" crapScore="0" isConstructor="false" isStatic="false" isGetter="false" isSetter="false">
              <Summary numSequencePoints="3" visitedSequencePoints="0" numBranchPoints="0" visitedBranchPoints="0" sequenceCoverage="0.0" branchCoverage="0" maxCyclomaticComplexity="0" minCyclomaticComplexity="0" maxCrapScore="0" minCrapScore="0" visitedClasses="0" numClasses="0" visitedMethods="0" numMethods="1" />
              <MetadataToken>100663317</MetadataToken>
              <Name>System.Void DataManager::OnApplicationQuit()</Name>
              <FileRef uid="3" />
              <SequencePoints>
                <SequencePoint vc="0" uspid="1651" ordinal="0" offset="0" sl="25" sc="0" el="25" ec="0" bec="0" bev="0" fileid="3" />
                <SequencePoint vc="0" uspid="1652" ordinal="0" offset="1" sl="26" sc="0" el="26" ec="0" bec="0" bev="0" fileid="3" />
                <SequencePoint vc="0" uspid="1653" ordinal="0" offset="8" sl="27" sc="0" el="27" ec="0" bec="0" bev="0" fileid="3" />
              </SequencePoints>
              <BranchPoints />
            </Method>
            <Method visited="false" cyclomaticComplexity="0" nPathComplexity="0" sequenceCoverage="0.0" branchCoverage="0" crapScore="0" isConstructor="false" isStatic="false" isGetter="false" isSetter="false">
              <Summary numSequencePoints="4" visitedSequencePoints="0" numBranchPoints="0" visitedBranchPoints="0" sequenceCoverage="0.0" branchCoverage="0" maxCyclomaticComplexity="0" minCyclomaticComplexity="0" maxCrapScore="0" minCrapScore="0" visitedClasses="0" numClasses="0" visitedMethods="0" numMethods="1" />
              <MetadataToken>100663318</MetadataToken>
              <Name>System.Void DataManager::NewGame()</Name>
              <FileRef uid="3" />
              <SequencePoints>
                <SequencePoint vc="0" uspid="1654" ordinal="0" offset="0" sl="30" sc="5" el="30" ec="5" bec="0" bev="0" fileid="3" />
                <SequencePoint vc="0" uspid="1655" ordinal="0" offset="1" sl="31" sc="9" el="31" ec="9" bec="0" bev="0" fileid="3" />
                <SequencePoint vc="0" uspid="1656" ordinal="0" offset="12" sl="32" sc="9" el="32" ec="9" bec="0" bev="0" fileid="3" />
                <SequencePoint vc="0" uspid="1657" ordinal="0" offset="24" sl="33" sc="5" el="33" ec="5" bec="0" bev="0" fileid="3" />
              </SequencePoints>
              <BranchPoints />
            </Method>
            <Method visited="false" cyclomaticComplexity="0" nPathComplexity="0" sequenceCoverage="0.0" branchCoverage="0" crapScore="0" isConstructor="false" isStatic="false" isGetter="false" isSetter="false">
              <Summary numSequencePoints="14" visitedSequencePoints="0" numBranchPoints="0" visitedBranchPoints="0" sequenceCoverage="0.0" branchCoverage="0" maxCyclomaticComplexity="0" minCyclomaticComplexity="0" maxCrapScore="0" minCrapScore="0" visitedClasses="0" numClasses="0" visitedMethods="0" numMethods="1" />
              <MetadataToken>100663319</MetadataToken>
              <Name>System.Void DataManager::LoadGame()</Name>
              <FileRef uid="3" />
              <SequencePoints>
                <SequencePoint vc="0" uspid="1658" ordinal="0" offset="0" sl="36" sc="5" el="36" ec="5" bec="0" bev="0" fileid="3" />
                <SequencePoint vc="0" uspid="1659" ordinal="0" offset="1" sl="37" sc="9" el="37" ec="9" bec="0" bev="0" fileid="3" />
                <SequencePoint vc="0" uspid="1660" ordinal="0" offset="18" sl="39" sc="9" el="39" ec="9" bec="0" bev="0" fileid="3" />
                <SequencePoint vc="0" uspid="1661" ordinal="0" offset="31" sl="40" sc="9" el="40" ec="9" bec="0" bev="0" fileid="3" />
                <SequencePoint vc="0" uspid="1662" ordinal="0" offset="32" sl="41" sc="13" el="41" ec="13" bec="0" bev="0" fileid="3" />
                <SequencePoint vc="0" uspid="1663" ordinal="0" offset="39" sl="42" sc="9" el="42" ec="9" bec="0" bev="0" fileid="3" />
                <SequencePoint vc="0" uspid="1664" ordinal="0" offset="40" sl="44" sc="9" el="44" ec="9" bec="0" bev="0" fileid="3" />
                <SequencePoint vc="0" uspid="1665" ordinal="0" offset="41" sl="44" sc="32" el="44" ec="32" bec="0" bev="0" fileid="3" />
                <SequencePoint vc="0" uspid="1666" ordinal="0" offset="55" sl="44" sc="18" el="44" ec="18" bec="0" bev="0" fileid="3" />
                <SequencePoint vc="0" uspid="1667" ordinal="0" offset="63" sl="45" sc="9" el="45" ec="9" bec="0" bev="0" fileid="3" />
                <SequencePoint vc="0" uspid="1668" ordinal="0" offset="64" sl="46" sc="13" el="46" ec="13" bec="0" bev="0" fileid="3" />
                <SequencePoint vc="0" uspid="1669" ordinal="0" offset="77" sl="47" sc="9" el="47" ec="9" bec="0" bev="0" fileid="3" />
                <SequencePoint vc="0" uspid="1670" ordinal="0" offset="78" sl="44" sc="29" el="44" ec="29" bec="0" bev="0" fileid="3" />
                <SequencePoint vc="0" uspid="1671" ordinal="0" offset="104" sl="48" sc="5" el="48" ec="5" bec="0" bev="0" fileid="3" />
              </SequencePoints>
              <BranchPoints />
            </Method>
            <Method visited="false" cyclomaticComplexity="0" nPathComplexity="0" sequenceCoverage="0.0" branchCoverage="0" crapScore="0" isConstructor="false" isStatic="false" isGetter="false" isSetter="false">
              <Summary numSequencePoints="10" visitedSequencePoints="0" numBranchPoints="0" visitedBranchPoints="0" sequenceCoverage="0.0" branchCoverage="0" maxCyclomaticComplexity="0" minCyclomaticComplexity="0" maxCrapScore="0" minCrapScore="0" visitedClasses="0" numClasses="0" visitedMethods="0" numMethods="1" />
              <MetadataToken>100663320</MetadataToken>
              <Name>System.Void DataManager::SaveGame()</Name>
              <FileRef uid="3" />
              <SequencePoints>
                <SequencePoint vc="0" uspid="1672" ordinal="0" offset="0" sl="51" sc="5" el="51" ec="5" bec="0" bev="0" fileid="3" />
                <SequencePoint vc="0" uspid="1673" ordinal="0" offset="1" sl="52" sc="9" el="52" ec="9" bec="0" bev="0" fileid="3" />
                <SequencePoint vc="0" uspid="1674" ordinal="0" offset="2" sl="52" sc="32" el="52" ec="32" bec="0" bev="0" fileid="3" />
                <SequencePoint vc="0" uspid="1675" ordinal="0" offset="16" sl="52" sc="18" el="52" ec="18" bec="0" bev="0" fileid="3" />
                <SequencePoint vc="0" uspid="1676" ordinal="0" offset="24" sl="53" sc="9" el="53" ec="9" bec="0" bev="0" fileid="3" />
                <SequencePoint vc="0" uspid="1677" ordinal="0" offset="25" sl="54" sc="13" el="54" ec="13" bec="0" bev="0" fileid="3" />
                <SequencePoint vc="0" uspid="1678" ordinal="0" offset="38" sl="55" sc="9" el="55" ec="9" bec="0" bev="0" fileid="3" />
                <SequencePoint vc="0" uspid="1679" ordinal="0" offset="39" sl="52" sc="29" el="52" ec="29" bec="0" bev="0" fileid="3" />
                <SequencePoint vc="0" uspid="1680" ordinal="0" offset="65" sl="57" sc="9" el="57" ec="9" bec="0" bev="0" fileid="3" />
                <SequencePoint vc="0" uspid="1681" ordinal="0" offset="83" sl="58" sc="5" el="58" ec="5" bec="0" bev="0" fileid="3" />
              </SequencePoints>
              <BranchPoints />
            </Method>
            <Method visited="false" cyclomaticComplexity="0" nPathComplexity="0" sequenceCoverage="0.0" branchCoverage="0" crapScore="0" isConstructor="true" isStatic="false" isGetter="false" isSetter="false">
              <Summary numSequencePoints="1" visitedSequencePoints="0" numBranchPoints="0" visitedBranchPoints="0" sequenceCoverage="0.0" branchCoverage="0" maxCyclomaticComplexity="0" minCyclomaticComplexity="0" maxCrapScore="0" minCrapScore="0" visitedClasses="0" numClasses="0" visitedMethods="0" numMethods="1" />
              <MetadataToken>100663321</MetadataToken>
              <Name>DataManager::DataManager()</Name>
              <FileRef uid="3" />
              <SequencePoints>
                <SequencePoint vc="0" uspid="1682" ordinal="0" offset="0" sl="9" sc="5" el="9" ec="5" bec="0" bev="0" fileid="3" />
              </SequencePoints>
              <BranchPoints />
            </Method>
          </Methods>
        </Class>
        <Class>
          <Summary numSequencePoints="59" visitedSequencePoints="0" numBranchPoints="0" visitedBranchPoints="0" sequenceCoverage="0.0" branchCoverage="0.0" maxCyclomaticComplexity="0" minCyclomaticComplexity="0" maxCrapScore="0" minCrapScore="0" visitedClasses="0" numClasses="1" visitedMethods="0" numMethods="5" />
          <FullName>FileDataManager</FullName>
          <Methods>
            <Method visited="false" cyclomaticComplexity="0" nPathComplexity="0" sequenceCoverage="0.0" branchCoverage="0" crapScore="0" isConstructor="false" isStatic="false" isGetter="false" isSetter="false">
              <Summary numSequencePoints="22" visitedSequencePoints="0" numBranchPoints="0" visitedBranchPoints="0" sequenceCoverage="0.0" branchCoverage="0" maxCyclomaticComplexity="0" minCyclomaticComplexity="0" maxCrapScore="0" minCrapScore="0" visitedClasses="0" numClasses="0" visitedMethods="0" numMethods="1" />
              <MetadataToken>100663323</MetadataToken>
              <Name>GameData FileDataManager::Load()</Name>
              <FileRef uid="4" />
              <SequencePoints>
                <SequencePoint vc="0" uspid="1683" ordinal="0" offset="0" sl="20" sc="5" el="20" ec="5" bec="0" bev="0" fileid="4" />
                <SequencePoint vc="0" uspid="1684" ordinal="0" offset="1" sl="21" sc="9" el="21" ec="9" bec="0" bev="0" fileid="4" />
                <SequencePoint vc="0" uspid="1685" ordinal="0" offset="19" sl="22" sc="9" el="22" ec="9" bec="0" bev="0" fileid="4" />
                <SequencePoint vc="0" uspid="1686" ordinal="0" offset="21" sl="24" sc="9" el="24" ec="9" bec="0" bev="0" fileid="4" />
                <SequencePoint vc="0" uspid="1687" ordinal="0" offset="31" sl="25" sc="9" el="25" ec="9" bec="0" bev="0" fileid="4" />
                <SequencePoint vc="0" uspid="1688" ordinal="0" offset="32" sl="27" sc="13" el="27" ec="13" bec="0" bev="0" fileid="4" />
                <SequencePoint vc="0" uspid="1689" ordinal="0" offset="33" sl="28" sc="17" el="28" ec="17" bec="0" bev="0" fileid="4" />
                <SequencePoint vc="0" uspid="1690" ordinal="0" offset="39" sl="29" sc="24" el="29" ec="24" bec="0" bev="0" fileid="4" />
                <SequencePoint vc="0" uspid="1691" ordinal="0" offset="48" sl="30" sc="17" el="30" ec="17" bec="0" bev="0" fileid="4" />
                <SequencePoint vc="0" uspid="1692" ordinal="0" offset="49" sl="31" sc="28" el="31" ec="28" bec="0" bev="0" fileid="4" />
                <SequencePoint vc="0" uspid="1693" ordinal="0" offset="58" sl="32" sc="21" el="32" ec="21" bec="0" bev="0" fileid="4" />
                <SequencePoint vc="0" uspid="1694" ordinal="0" offset="59" sl="33" sc="25" el="33" ec="25" bec="0" bev="0" fileid="4" />
                <SequencePoint vc="0" uspid="1695" ordinal="0" offset="67" sl="34" sc="21" el="34" ec="21" bec="0" bev="0" fileid="4" />
                <SequencePoint vc="0" uspid="1696" ordinal="0" offset="83" sl="35" sc="17" el="35" ec="17" bec="0" bev="0" fileid="4" />
                <SequencePoint vc="0" uspid="1697" ordinal="0" offset="99" sl="36" sc="17" el="36" ec="17" bec="0" bev="0" fileid="4" />
                <SequencePoint vc="0" uspid="1698" ordinal="0" offset="107" sl="38" sc="17" el="38" ec="17" bec="0" bev="0" fileid="4" />
                <SequencePoint vc="0" uspid="1699" ordinal="0" offset="114" sl="39" sc="13" el="39" ec="13" bec="0" bev="0" fileid="4" />
                <SequencePoint vc="0" uspid="1700" ordinal="0" offset="117" sl="40" sc="21" el="40" ec="21" bec="0" bev="0" fileid="4" />
                <SequencePoint vc="0" uspid="1701" ordinal="0" offset="118" sl="40" sc="23" el="40" ec="23" bec="0" bev="0" fileid="4" />
                <SequencePoint vc="0" uspid="1702" ordinal="0" offset="120" sl="45" sc="9" el="45" ec="9" bec="0" bev="0" fileid="4" />
                <SequencePoint vc="0" uspid="1703" ordinal="0" offset="121" sl="46" sc="9" el="46" ec="9" bec="0" bev="0" fileid="4" />
                <SequencePoint vc="0" uspid="1704" ordinal="0" offset="126" sl="47" sc="5" el="47" ec="5" bec="0" bev="0" fileid="4" />
              </SequencePoints>
              <BranchPoints />
            </Method>
            <Method visited="false" cyclomaticComplexity="0" nPathComplexity="0" sequenceCoverage="0.0" branchCoverage="0" crapScore="0" isConstructor="false" isStatic="false" isGetter="false" isSetter="false">
              <Summary numSequencePoints="17" visitedSequencePoints="0" numBranchPoints="0" visitedBranchPoints="0" sequenceCoverage="0.0" branchCoverage="0" maxCyclomaticComplexity="0" minCyclomaticComplexity="0" maxCrapScore="0" minCrapScore="0" visitedClasses="0" numClasses="0" visitedMethods="0" numMethods="1" />
              <MetadataToken>100663324</MetadataToken>
              <Name>System.Void FileDataManager::Save(GameData)</Name>
              <FileRef uid="4" />
              <SequencePoints>
                <SequencePoint vc="0" uspid="1705" ordinal="0" offset="0" sl="50" sc="5" el="50" ec="5" bec="0" bev="0" fileid="4" />
                <SequencePoint vc="0" uspid="1706" ordinal="0" offset="1" sl="51" sc="9" el="51" ec="9" bec="0" bev="0" fileid="4" />
                <SequencePoint vc="0" uspid="1707" ordinal="0" offset="19" sl="54" sc="9" el="54" ec="9" bec="0" bev="0" fileid="4" />
                <SequencePoint vc="0" uspid="1708" ordinal="0" offset="20" sl="55" sc="13" el="55" ec="13" bec="0" bev="0" fileid="4" />
                <SequencePoint vc="0" uspid="1709" ordinal="0" offset="32" sl="57" sc="13" el="57" ec="13" bec="0" bev="0" fileid="4" />
                <SequencePoint vc="0" uspid="1710" ordinal="0" offset="40" sl="59" sc="13" el="59" ec="13" bec="0" bev="0" fileid="4" />
                <SequencePoint vc="0" uspid="1711" ordinal="0" offset="48" sl="61" sc="20" el="61" ec="20" bec="0" bev="0" fileid="4" />
                <SequencePoint vc="0" uspid="1712" ordinal="0" offset="56" sl="62" sc="13" el="62" ec="13" bec="0" bev="0" fileid="4" />
                <SequencePoint vc="0" uspid="1713" ordinal="0" offset="57" sl="63" sc="24" el="63" ec="24" bec="0" bev="0" fileid="4" />
                <SequencePoint vc="0" uspid="1714" ordinal="0" offset="64" sl="64" sc="17" el="64" ec="17" bec="0" bev="0" fileid="4" />
                <SequencePoint vc="0" uspid="1715" ordinal="0" offset="65" sl="65" sc="21" el="65" ec="21" bec="0" bev="0" fileid="4" />
                <SequencePoint vc="0" uspid="1716" ordinal="0" offset="73" sl="66" sc="17" el="66" ec="17" bec="0" bev="0" fileid="4" />
                <SequencePoint vc="0" uspid="1717" ordinal="0" offset="87" sl="67" sc="13" el="67" ec="13" bec="0" bev="0" fileid="4" />
                <SequencePoint vc="0" uspid="1718" ordinal="0" offset="101" sl="68" sc="9" el="68" ec="9" bec="0" bev="0" fileid="4" />
                <SequencePoint vc="0" uspid="1719" ordinal="0" offset="104" sl="69" sc="17" el="69" ec="17" bec="0" bev="0" fileid="4" />
                <SequencePoint vc="0" uspid="1720" ordinal="0" offset="105" sl="69" sc="19" el="69" ec="19" bec="0" bev="0" fileid="4" />
                <SequencePoint vc="0" uspid="1721" ordinal="0" offset="107" sl="74" sc="5" el="74" ec="5" bec="0" bev="0" fileid="4" />
              </SequencePoints>
              <BranchPoints />
            </Method>
            <Method visited="false" cyclomaticComplexity="0" nPathComplexity="0" sequenceCoverage="0.0" branchCoverage="0" crapScore="0" isConstructor="false" isStatic="false" isGetter="false" isSetter="false">
              <Summary numSequencePoints="4" visitedSequencePoints="0" numBranchPoints="0" visitedBranchPoints="0" sequenceCoverage="0.0" branchCoverage="0" maxCyclomaticComplexity="0" minCyclomaticComplexity="0" maxCrapScore="0" minCrapScore="0" visitedClasses="0" numClasses="0" visitedMethods="0" numMethods="1" />
              <MetadataToken>100663325</MetadataToken>
              <Name>System.Void FileDataManager::Clear()</Name>
              <FileRef uid="4" />
              <SequencePoints>
                <SequencePoint vc="0" uspid="1722" ordinal="0" offset="0" sl="77" sc="5" el="77" ec="5" bec="0" bev="0" fileid="4" />
                <SequencePoint vc="0" uspid="1723" ordinal="0" offset="1" sl="78" sc="9" el="78" ec="9" bec="0" bev="0" fileid="4" />
                <SequencePoint vc="0" uspid="1724" ordinal="0" offset="19" sl="79" sc="9" el="79" ec="9" bec="0" bev="0" fileid="4" />
                <SequencePoint vc="0" uspid="1725" ordinal="0" offset="26" sl="80" sc="5" el="80" ec="5" bec="0" bev="0" fileid="4" />
              </SequencePoints>
              <BranchPoints />
            </Method>
            <Method visited="false" cyclomaticComplexity="0" nPathComplexity="0" sequenceCoverage="0.0" branchCoverage="0" crapScore="0" isConstructor="false" isStatic="false" isGetter="false" isSetter="false">
              <Summary numSequencePoints="10" visitedSequencePoints="0" numBranchPoints="0" visitedBranchPoints="0" sequenceCoverage="0.0" branchCoverage="0" maxCyclomaticComplexity="0" minCyclomaticComplexity="0" maxCrapScore="0" minCrapScore="0" visitedClasses="0" numClasses="0" visitedMethods="0" numMethods="1" />
              <MetadataToken>100663326</MetadataToken>
              <Name>System.String FileDataManager::EncryptDecrypt(System.String)</Name>
              <FileRef uid="4" />
              <SequencePoints>
                <SequencePoint vc="0" uspid="1726" ordinal="0" offset="0" sl="83" sc="5" el="83" ec="5" bec="0" bev="0" fileid="4" />
                <SequencePoint vc="0" uspid="1727" ordinal="0" offset="1" sl="84" sc="9" el="84" ec="9" bec="0" bev="0" fileid="4" />
                <SequencePoint vc="0" uspid="1728" ordinal="0" offset="7" sl="85" sc="14" el="85" ec="14" bec="0" bev="0" fileid="4" />
                <SequencePoint vc="0" uspid="1729" ordinal="0" offset="11" sl="86" sc="9" el="86" ec="9" bec="0" bev="0" fileid="4" />
                <SequencePoint vc="0" uspid="1730" ordinal="0" offset="12" sl="87" sc="13" el="87" ec="13" bec="0" bev="0" fileid="4" />
                <SequencePoint vc="0" uspid="1731" ordinal="0" offset="60" sl="88" sc="9" el="88" ec="9" bec="0" bev="0" fileid="4" />
                <SequencePoint vc="0" uspid="1732" ordinal="0" offset="61" sl="85" sc="42" el="85" ec="42" bec="0" bev="0" fileid="4" />
                <SequencePoint vc="0" uspid="1733" ordinal="0" offset="65" sl="85" sc="25" el="85" ec="25" bec="0" bev="0" fileid="4" />
                <SequencePoint vc="0" uspid="1734" ordinal="0" offset="78" sl="89" sc="9" el="89" ec="9" bec="0" bev="0" fileid="4" />
                <SequencePoint vc="0" uspid="1735" ordinal="0" offset="83" sl="90" sc="5" el="90" ec="5" bec="0" bev="0" fileid="4" />
              </SequencePoints>
              <BranchPoints />
            </Method>
            <Method visited="false" cyclomaticComplexity="0" nPathComplexity="0" sequenceCoverage="0.0" branchCoverage="0" crapScore="0" isConstructor="true" isStatic="false" isGetter="false" isSetter="false">
              <Summary numSequencePoints="6" visitedSequencePoints="0" numBranchPoints="0" visitedBranchPoints="0" sequenceCoverage="0.0" branchCoverage="0" maxCyclomaticComplexity="0" minCyclomaticComplexity="0" maxCrapScore="0" minCrapScore="0" visitedClasses="0" numClasses="0" visitedMethods="0" numMethods="1" />
              <MetadataToken>100663322</MetadataToken>
              <Name>FileDataManager::FileDataManager(System.String, System.String)</Name>
              <FileRef uid="4" />
              <SequencePoints>
                <SequencePoint vc="0" uspid="1736" ordinal="0" offset="0" sl="11" sc="5" el="11" ec="5" bec="0" bev="0" fileid="4" />
                <SequencePoint vc="0" uspid="1737" ordinal="0" offset="11" sl="13" sc="5" el="13" ec="5" bec="0" bev="0" fileid="4" />
                <SequencePoint vc="0" uspid="1738" ordinal="0" offset="18" sl="14" sc="5" el="14" ec="5" bec="0" bev="0" fileid="4" />
                <SequencePoint vc="0" uspid="1739" ordinal="0" offset="19" sl="15" sc="9" el="15" ec="9" bec="0" bev="0" fileid="4" />
                <SequencePoint vc="0" uspid="1740" ordinal="0" offset="26" sl="16" sc="9" el="16" ec="9" bec="0" bev="0" fileid="4" />
                <SequencePoint vc="0" uspid="1741" ordinal="0" offset="33" sl="17" sc="5" el="17" ec="5" bec="0" bev="0" fileid="4" />
              </SequencePoints>
              <BranchPoints />
            </Method>
          </Methods>
        </Class>
        <Class>
          <Summary numSequencePoints="95" visitedSequencePoints="0" numBranchPoints="0" visitedBranchPoints="0" sequenceCoverage="0.0" branchCoverage="0.0" maxCyclomaticComplexity="0" minCyclomaticComplexity="0" maxCrapScore="0" minCrapScore="0" visitedClasses="0" numClasses="1" visitedMethods="0" numMethods="11" />
          <FullName>GameActions</FullName>
          <Methods>
            <Method visited="false" cyclomaticComplexity="0" nPathComplexity="0" sequenceCoverage="0.0" branchCoverage="0" crapScore="0" isConstructor="false" isStatic="false" isGetter="true" isSetter="false">
              <Summary numSequencePoints="1" visitedSequencePoints="0" numBranchPoints="0" visitedBranchPoints="0" sequenceCoverage="0.0" branchCoverage="0" maxCyclomaticComplexity="0" minCyclomaticComplexity="0" maxCrapScore="0" minCrapScore="0" visitedClasses="0" numClasses="0" visitedMethods="0" numMethods="1" />
              <MetadataToken>100663327</MetadataToken>
              <Name>ObservableInt GameActions::get_score()</Name>
              <FileRef uid="5" />
              <SequencePoints>
                <SequencePoint vc="0" uspid="1742" ordinal="0" offset="0" sl="19" sc="9" el="19" ec="9" bec="0" bev="0" fileid="5" />
              </SequencePoints>
              <BranchPoints />
            </Method>
            <Method visited="false" cyclomaticComplexity="0" nPathComplexity="0" sequenceCoverage="0.0" branchCoverage="0" crapScore="0" isConstructor="false" isStatic="false" isGetter="false" isSetter="true">
              <Summary numSequencePoints="1" visitedSequencePoints="0" numBranchPoints="0" visitedBranchPoints="0" sequenceCoverage="0.0" branchCoverage="0" maxCyclomaticComplexity="0" minCyclomaticComplexity="0" maxCrapScore="0" minCrapScore="0" visitedClasses="0" numClasses="0" visitedMethods="0" numMethods="1" />
              <MetadataToken>100663328</MetadataToken>
              <Name>System.Void GameActions::set_score(ObservableInt)</Name>
              <FileRef uid="5" />
              <SequencePoints>
                <SequencePoint vc="0" uspid="1743" ordinal="0" offset="0" sl="19" sc="14" el="19" ec="14" bec="0" bev="0" fileid="5" />
              </SequencePoints>
              <BranchPoints />
            </Method>
            <Method visited="false" cyclomaticComplexity="0" nPathComplexity="0" sequenceCoverage="0.0" branchCoverage="0" crapScore="0" isConstructor="false" isStatic="false" isGetter="false" isSetter="false">
              <Summary numSequencePoints="3" visitedSequencePoints="0" numBranchPoints="0" visitedBranchPoints="0" sequenceCoverage="0.0" branchCoverage="0" maxCyclomaticComplexity="0" minCyclomaticComplexity="0" maxCrapScore="0" minCrapScore="0" visitedClasses="0" numClasses="0" visitedMethods="0" numMethods="1" />
              <MetadataToken>100663329</MetadataToken>
              <Name>System.Void GameActions::Awake()</Name>
              <FileRef uid="5" />
              <SequencePoints>
                <SequencePoint vc="0" uspid="1744" ordinal="0" offset="0" sl="23" sc="5" el="23" ec="5" bec="0" bev="0" fileid="5" />
                <SequencePoint vc="0" uspid="1745" ordinal="0" offset="1" sl="24" sc="9" el="24" ec="9" bec="0" bev="0" fileid="5" />
                <SequencePoint vc="0" uspid="1746" ordinal="0" offset="13" sl="25" sc="5" el="25" ec="5" bec="0" bev="0" fileid="5" />
              </SequencePoints>
              <BranchPoints />
            </Method>
            <Method visited="false" cyclomaticComplexity="0" nPathComplexity="0" sequenceCoverage="0.0" branchCoverage="0" crapScore="0" isConstructor="false" isStatic="false" isGetter="false" isSetter="false">
              <Summary numSequencePoints="18" visitedSequencePoints="0" numBranchPoints="0" visitedBranchPoints="0" sequenceCoverage="0.0" branchCoverage="0" maxCyclomaticComplexity="0" minCyclomaticComplexity="0" maxCrapScore="0" minCrapScore="0" visitedClasses="0" numClasses="0" visitedMethods="0" numMethods="1" />
              <MetadataToken>100663330</MetadataToken>
              <Name>System.Void GameActions::Up()</Name>
              <FileRef uid="5" />
              <SequencePoints>
                <SequencePoint vc="0" uspid="1747" ordinal="0" offset="0" sl="28" sc="5" el="28" ec="5" bec="0" bev="0" fileid="5" />
                <SequencePoint vc="0" uspid="1748" ordinal="0" offset="1" sl="30" sc="9" el="30" ec="9" bec="0" bev="0" fileid="5" />
                <SequencePoint vc="0" uspid="1749" ordinal="0" offset="15" sl="31" sc="9" el="31" ec="9" bec="0" bev="0" fileid="5" />
                <SequencePoint vc="0" uspid="1750" ordinal="0" offset="20" sl="32" sc="9" el="32" ec="9" bec="0" bev="0" fileid="5" />
                <SequencePoint vc="0" uspid="1751" ordinal="0" offset="21" sl="33" sc="13" el="33" ec="13" bec="0" bev="0" fileid="5" />
                <SequencePoint vc="0" uspid="1752" ordinal="0" offset="28" sl="34" sc="13" el="34" ec="13" bec="0" bev="0" fileid="5" />
                <SequencePoint vc="0" uspid="1753" ordinal="0" offset="35" sl="35" sc="9" el="35" ec="9" bec="0" bev="0" fileid="5" />
                <SequencePoint vc="0" uspid="1754" ordinal="0" offset="37" sl="37" sc="9" el="37" ec="9" bec="0" bev="0" fileid="5" />
                <SequencePoint vc="0" uspid="1755" ordinal="0" offset="38" sl="38" sc="13" el="38" ec="13" bec="0" bev="0" fileid="5" />
                <SequencePoint vc="0" uspid="1756" ordinal="0" offset="50" sl="39" sc="9" el="39" ec="9" bec="0" bev="0" fileid="5" />
                <SequencePoint vc="0" uspid="1757" ordinal="0" offset="53" sl="40" sc="9" el="40" ec="9" bec="0" bev="0" fileid="5" />
                <SequencePoint vc="0" uspid="1758" ordinal="0" offset="54" sl="41" sc="9" el="41" ec="9" bec="0" bev="0" fileid="5" />
                <SequencePoint vc="0" uspid="1759" ordinal="0" offset="55" sl="42" sc="13" el="42" ec="13" bec="0" bev="0" fileid="5" />
                <SequencePoint vc="0" uspid="1760" ordinal="0" offset="73" sl="43" sc="13" el="43" ec="13" bec="0" bev="0" fileid="5" />
                <SequencePoint vc="0" uspid="1761" ordinal="0" offset="74" sl="44" sc="17" el="44" ec="17" bec="0" bev="0" fileid="5" />
                <SequencePoint vc="0" uspid="1762" ordinal="0" offset="87" sl="45" sc="13" el="45" ec="13" bec="0" bev="0" fileid="5" />
                <SequencePoint vc="0" uspid="1763" ordinal="0" offset="88" sl="46" sc="9" el="46" ec="9" bec="0" bev="0" fileid="5" />
                <SequencePoint vc="0" uspid="1764" ordinal="0" offset="91" sl="47" sc="5" el="47" ec="5" bec="0" bev="0" fileid="5" />
              </SequencePoints>
              <BranchPoints />
            </Method>
            <Method visited="false" cyclomaticComplexity="0" nPathComplexity="0" sequenceCoverage="0.0" branchCoverage="0" crapScore="0" isConstructor="false" isStatic="false" isGetter="false" isSetter="false">
              <Summary numSequencePoints="18" visitedSequencePoints="0" numBranchPoints="0" visitedBranchPoints="0" sequenceCoverage="0.0" branchCoverage="0" maxCyclomaticComplexity="0" minCyclomaticComplexity="0" maxCrapScore="0" minCrapScore="0" visitedClasses="0" numClasses="0" visitedMethods="0" numMethods="1" />
              <MetadataToken>100663331</MetadataToken>
              <Name>System.Void GameActions::Down()</Name>
              <FileRef uid="5" />
              <SequencePoints>
                <SequencePoint vc="0" uspid="1765" ordinal="0" offset="0" sl="50" sc="5" el="50" ec="5" bec="0" bev="0" fileid="5" />
                <SequencePoint vc="0" uspid="1766" ordinal="0" offset="1" sl="52" sc="9" el="52" ec="9" bec="0" bev="0" fileid="5" />
                <SequencePoint vc="0" uspid="1767" ordinal="0" offset="15" sl="53" sc="9" el="53" ec="9" bec="0" bev="0" fileid="5" />
                <SequencePoint vc="0" uspid="1768" ordinal="0" offset="20" sl="54" sc="9" el="54" ec="9" bec="0" bev="0" fileid="5" />
                <SequencePoint vc="0" uspid="1769" ordinal="0" offset="21" sl="55" sc="13" el="55" ec="13" bec="0" bev="0" fileid="5" />
                <SequencePoint vc="0" uspid="1770" ordinal="0" offset="28" sl="56" sc="13" el="56" ec="13" bec="0" bev="0" fileid="5" />
                <SequencePoint vc="0" uspid="1771" ordinal="0" offset="35" sl="57" sc="9" el="57" ec="9" bec="0" bev="0" fileid="5" />
                <SequencePoint vc="0" uspid="1772" ordinal="0" offset="37" sl="59" sc="9" el="59" ec="9" bec="0" bev="0" fileid="5" />
                <SequencePoint vc="0" uspid="1773" ordinal="0" offset="38" sl="60" sc="13" el="60" ec="13" bec="0" bev="0" fileid="5" />
                <SequencePoint vc="0" uspid="1774" ordinal="0" offset="50" sl="61" sc="9" el="61" ec="9" bec="0" bev="0" fileid="5" />
                <SequencePoint vc="0" uspid="1775" ordinal="0" offset="53" sl="62" sc="9" el="62" ec="9" bec="0" bev="0" fileid="5" />
                <SequencePoint vc="0" uspid="1776" ordinal="0" offset="54" sl="63" sc="9" el="63" ec="9" bec="0" bev="0" fileid="5" />
                <SequencePoint vc="0" uspid="1777" ordinal="0" offset="55" sl="64" sc="13" el="64" ec="13" bec="0" bev="0" fileid="5" />
                <SequencePoint vc="0" uspid="1778" ordinal="0" offset="73" sl="65" sc="13" el="65" ec="13" bec="0" bev="0" fileid="5" />
                <SequencePoint vc="0" uspid="1779" ordinal="0" offset="74" sl="66" sc="17" el="66" ec="17" bec="0" bev="0" fileid="5" />
                <SequencePoint vc="0" uspid="1780" ordinal="0" offset="87" sl="67" sc="13" el="67" ec="13" bec="0" bev="0" fileid="5" />
                <SequencePoint vc="0" uspid="1781" ordinal="0" offset="88" sl="68" sc="9" el="68" ec="9" bec="0" bev="0" fileid="5" />
                <SequencePoint vc="0" uspid="1782" ordinal="0" offset="91" sl="69" sc="5" el="69" ec="5" bec="0" bev="0" fileid="5" />
              </SequencePoints>
              <BranchPoints />
            </Method>
            <Method visited="false" cyclomaticComplexity="0" nPathComplexity="0" sequenceCoverage="0.0" branchCoverage="0" crapScore="0" isConstructor="false" isStatic="false" isGetter="false" isSetter="false">
              <Summary numSequencePoints="18" visitedSequencePoints="0" numBranchPoints="0" visitedBranchPoints="0" sequenceCoverage="0.0" branchCoverage="0" maxCyclomaticComplexity="0" minCyclomaticComplexity="0" maxCrapScore="0" minCrapScore="0" visitedClasses="0" numClasses="0" visitedMethods="0" numMethods="1" />
              <MetadataToken>100663332</MetadataToken>
              <Name>System.Void GameActions::Left()</Name>
              <FileRef uid="5" />
              <SequencePoints>
                <SequencePoint vc="0" uspid="1783" ordinal="0" offset="0" sl="72" sc="5" el="72" ec="5" bec="0" bev="0" fileid="5" />
                <SequencePoint vc="0" uspid="1784" ordinal="0" offset="1" sl="74" sc="9" el="74" ec="9" bec="0" bev="0" fileid="5" />
                <SequencePoint vc="0" uspid="1785" ordinal="0" offset="15" sl="75" sc="9" el="75" ec="9" bec="0" bev="0" fileid="5" />
                <SequencePoint vc="0" uspid="1786" ordinal="0" offset="20" sl="76" sc="9" el="76" ec="9" bec="0" bev="0" fileid="5" />
                <SequencePoint vc="0" uspid="1787" ordinal="0" offset="21" sl="77" sc="13" el="77" ec="13" bec="0" bev="0" fileid="5" />
                <SequencePoint vc="0" uspid="1788" ordinal="0" offset="28" sl="78" sc="13" el="78" ec="13" bec="0" bev="0" fileid="5" />
                <SequencePoint vc="0" uspid="1789" ordinal="0" offset="35" sl="79" sc="9" el="79" ec="9" bec="0" bev="0" fileid="5" />
                <SequencePoint vc="0" uspid="1790" ordinal="0" offset="37" sl="81" sc="9" el="81" ec="9" bec="0" bev="0" fileid="5" />
                <SequencePoint vc="0" uspid="1791" ordinal="0" offset="38" sl="82" sc="13" el="82" ec="13" bec="0" bev="0" fileid="5" />
                <SequencePoint vc="0" uspid="1792" ordinal="0" offset="50" sl="83" sc="9" el="83" ec="9" bec="0" bev="0" fileid="5" />
                <SequencePoint vc="0" uspid="1793" ordinal="0" offset="53" sl="84" sc="9" el="84" ec="9" bec="0" bev="0" fileid="5" />
                <SequencePoint vc="0" uspid="1794" ordinal="0" offset="54" sl="85" sc="9" el="85" ec="9" bec="0" bev="0" fileid="5" />
                <SequencePoint vc="0" uspid="1795" ordinal="0" offset="55" sl="86" sc="13" el="86" ec="13" bec="0" bev="0" fileid="5" />
                <SequencePoint vc="0" uspid="1796" ordinal="0" offset="73" sl="87" sc="13" el="87" ec="13" bec="0" bev="0" fileid="5" />
                <SequencePoint vc="0" uspid="1797" ordinal="0" offset="74" sl="88" sc="17" el="88" ec="17" bec="0" bev="0" fileid="5" />
                <SequencePoint vc="0" uspid="1798" ordinal="0" offset="87" sl="89" sc="13" el="89" ec="13" bec="0" bev="0" fileid="5" />
                <SequencePoint vc="0" uspid="1799" ordinal="0" offset="88" sl="90" sc="9" el="90" ec="9" bec="0" bev="0" fileid="5" />
                <SequencePoint vc="0" uspid="1800" ordinal="0" offset="91" sl="91" sc="5" el="91" ec="5" bec="0" bev="0" fileid="5" />
              </SequencePoints>
              <BranchPoints />
            </Method>
            <Method visited="false" cyclomaticComplexity="0" nPathComplexity="0" sequenceCoverage="0.0" branchCoverage="0" crapScore="0" isConstructor="false" isStatic="false" isGetter="false" isSetter="false">
              <Summary numSequencePoints="18" visitedSequencePoints="0" numBranchPoints="0" visitedBranchPoints="0" sequenceCoverage="0.0" branchCoverage="0" maxCyclomaticComplexity="0" minCyclomaticComplexity="0" maxCrapScore="0" minCrapScore="0" visitedClasses="0" numClasses="0" visitedMethods="0" numMethods="1" />
              <MetadataToken>100663333</MetadataToken>
              <Name>System.Void GameActions::Right()</Name>
              <FileRef uid="5" />
              <SequencePoints>
                <SequencePoint vc="0" uspid="1801" ordinal="0" offset="0" sl="94" sc="5" el="94" ec="5" bec="0" bev="0" fileid="5" />
                <SequencePoint vc="0" uspid="1802" ordinal="0" offset="1" sl="96" sc="9" el="96" ec="9" bec="0" bev="0" fileid="5" />
                <SequencePoint vc="0" uspid="1803" ordinal="0" offset="15" sl="97" sc="9" el="97" ec="9" bec="0" bev="0" fileid="5" />
                <SequencePoint vc="0" uspid="1804" ordinal="0" offset="20" sl="98" sc="9" el="98" ec="9" bec="0" bev="0" fileid="5" />
                <SequencePoint vc="0" uspid="1805" ordinal="0" offset="21" sl="99" sc="13" el="99" ec="13" bec="0" bev="0" fileid="5" />
                <SequencePoint vc="0" uspid="1806" ordinal="0" offset="28" sl="100" sc="13" el="100" ec="13" bec="0" bev="0" fileid="5" />
                <SequencePoint vc="0" uspid="1807" ordinal="0" offset="35" sl="101" sc="9" el="101" ec="9" bec="0" bev="0" fileid="5" />
                <SequencePoint vc="0" uspid="1808" ordinal="0" offset="37" sl="103" sc="9" el="103" ec="9" bec="0" bev="0" fileid="5" />
                <SequencePoint vc="0" uspid="1809" ordinal="0" offset="38" sl="104" sc="13" el="104" ec="13" bec="0" bev="0" fileid="5" />
                <SequencePoint vc="0" uspid="1810" ordinal="0" offset="50" sl="105" sc="9" el="105" ec="9" bec="0" bev="0" fileid="5" />
                <SequencePoint vc="0" uspid="1811" ordinal="0" offset="53" sl="106" sc="9" el="106" ec="9" bec="0" bev="0" fileid="5" />
                <SequencePoint vc="0" uspid="1812" ordinal="0" offset="54" sl="107" sc="9" el="107" ec="9" bec="0" bev="0" fileid="5" />
                <SequencePoint vc="0" uspid="1813" ordinal="0" offset="55" sl="108" sc="13" el="108" ec="13" bec="0" bev="0" fileid="5" />
                <SequencePoint vc="0" uspid="1814" ordinal="0" offset="73" sl="109" sc="13" el="109" ec="13" bec="0" bev="0" fileid="5" />
                <SequencePoint vc="0" uspid="1815" ordinal="0" offset="74" sl="110" sc="17" el="110" ec="17" bec="0" bev="0" fileid="5" />
                <SequencePoint vc="0" uspid="1816" ordinal="0" offset="87" sl="111" sc="13" el="111" ec="13" bec="0" bev="0" fileid="5" />
                <SequencePoint vc="0" uspid="1817" ordinal="0" offset="88" sl="112" sc="9" el="112" ec="9" bec="0" bev="0" fileid="5" />
                <SequencePoint vc="0" uspid="1818" ordinal="0" offset="91" sl="113" sc="5" el="113" ec="5" bec="0" bev="0" fileid="5" />
              </SequencePoints>
              <BranchPoints />
            </Method>
            <Method visited="false" cyclomaticComplexity="0" nPathComplexity="0" sequenceCoverage="0.0" branchCoverage="0" crapScore="0" isConstructor="false" isStatic="false" isGetter="false" isSetter="false">
              <Summary numSequencePoints="4" visitedSequencePoints="0" numBranchPoints="0" visitedBranchPoints="0" sequenceCoverage="0.0" branchCoverage="0" maxCyclomaticComplexity="0" minCyclomaticComplexity="0" maxCrapScore="0" minCrapScore="0" visitedClasses="0" numClasses="0" visitedMethods="0" numMethods="1" />
              <MetadataToken>100663334</MetadataToken>
              <Name>System.Void GameActions::RestartGame()</Name>
              <FileRef uid="5" />
              <SequencePoints>
                <SequencePoint vc="0" uspid="1819" ordinal="0" offset="0" sl="116" sc="0" el="116" ec="0" bec="0" bev="0" fileid="5" />
                <SequencePoint vc="0" uspid="1820" ordinal="0" offset="1" sl="117" sc="0" el="117" ec="0" bec="0" bev="0" fileid="5" />
                <SequencePoint vc="0" uspid="1821" ordinal="0" offset="13" sl="118" sc="0" el="118" ec="0" bec="0" bev="0" fileid="5" />
                <SequencePoint vc="0" uspid="1822" ordinal="0" offset="32" sl="119" sc="0" el="119" ec="0" bec="0" bev="0" fileid="5" />
              </SequencePoints>
              <BranchPoints />
            </Method>
            <Method visited="false" cyclomaticComplexity="0" nPathComplexity="0" sequenceCoverage="0.0" branchCoverage="0" crapScore="0" isConstructor="false" isStatic="false" isGetter="false" isSetter="false">
              <Summary numSequencePoints="8" visitedSequencePoints="0" numBranchPoints="0" visitedBranchPoints="0" sequenceCoverage="0.0" branchCoverage="0" maxCyclomaticComplexity="0" minCyclomaticComplexity="0" maxCrapScore="0" minCrapScore="0" visitedClasses="0" numClasses="0" visitedMethods="0" numMethods="1" />
              <MetadataToken>100663335</MetadataToken>
              <Name>System.Void GameActions::Spawn()</Name>
              <FileRef uid="5" />
              <SequencePoints>
                <SequencePoint vc="0" uspid="1823" ordinal="0" offset="0" sl="122" sc="5" el="122" ec="5" bec="0" bev="0" fileid="5" />
                <SequencePoint vc="0" uspid="1824" ordinal="0" offset="1" sl="123" sc="9" el="123" ec="9" bec="0" bev="0" fileid="5" />
                <SequencePoint vc="0" uspid="1825" ordinal="0" offset="3" sl="124" sc="9" el="124" ec="9" bec="0" bev="0" fileid="5" />
                <SequencePoint vc="0" uspid="1826" ordinal="0" offset="17" sl="125" sc="9" el="125" ec="9" bec="0" bev="0" fileid="5" />
                <SequencePoint vc="0" uspid="1827" ordinal="0" offset="18" sl="126" sc="13" el="126" ec="13" bec="0" bev="0" fileid="5" />
                <SequencePoint vc="0" uspid="1828" ordinal="0" offset="20" sl="127" sc="9" el="127" ec="9" bec="0" bev="0" fileid="5" />
                <SequencePoint vc="0" uspid="1829" ordinal="0" offset="21" sl="128" sc="9" el="128" ec="9" bec="0" bev="0" fileid="5" />
                <SequencePoint vc="0" uspid="1830" ordinal="0" offset="34" sl="129" sc="5" el="129" ec="5" bec="0" bev="0" fileid="5" />
              </SequencePoints>
              <BranchPoints />
            </Method>
            <Method visited="false" cyclomaticComplexity="0" nPathComplexity="0" sequenceCoverage="0.0" branchCoverage="0" crapScore="0" isConstructor="false" isStatic="false" isGetter="false" isSetter="false">
              <Summary numSequencePoints="3" visitedSequencePoints="0" numBranchPoints="0" visitedBranchPoints="0" sequenceCoverage="0.0" branchCoverage="0" maxCyclomaticComplexity="0" minCyclomaticComplexity="0" maxCrapScore="0" minCrapScore="0" visitedClasses="0" numClasses="0" visitedMethods="0" numMethods="1" />
              <MetadataToken>100663336</MetadataToken>
              <Name>System.Void GameActions::PostSpawn()</Name>
              <FileRef uid="5" />
              <SequencePoints>
                <SequencePoint vc="0" uspid="1831" ordinal="0" offset="0" sl="132" sc="5" el="132" ec="5" bec="0" bev="0" fileid="5" />
                <SequencePoint vc="0" uspid="1832" ordinal="0" offset="1" sl="133" sc="9" el="133" ec="9" bec="0" bev="0" fileid="5" />
                <SequencePoint vc="0" uspid="1833" ordinal="0" offset="8" sl="134" sc="5" el="134" ec="5" bec="0" bev="0" fileid="5" />
              </SequencePoints>
              <BranchPoints />
            </Method>
            <Method visited="false" cyclomaticComplexity="0" nPathComplexity="0" sequenceCoverage="0.0" branchCoverage="0" crapScore="0" isConstructor="false" isStatic="false" isGetter="false" isSetter="false">
              <Summary numSequencePoints="3" visitedSequencePoints="0" numBranchPoints="0" visitedBranchPoints="0" sequenceCoverage="0.0" branchCoverage="0" maxCyclomaticComplexity="0" minCyclomaticComplexity="0" maxCrapScore="0" minCrapScore="0" visitedClasses="0" numClasses="0" visitedMethods="0" numMethods="1" />
              <MetadataToken>100663337</MetadataToken>
              <Name>System.Void GameActions::UpdateScore()</Name>
              <FileRef uid="5" />
              <SequencePoints>
                <SequencePoint vc="0" uspid="1834" ordinal="0" offset="0" sl="137" sc="5" el="137" ec="5" bec="0" bev="0" fileid="5" />
                <SequencePoint vc="0" uspid="1835" ordinal="0" offset="1" sl="138" sc="9" el="138" ec="9" bec="0" bev="0" fileid="5" />
                <SequencePoint vc="0" uspid="1836" ordinal="0" offset="24" sl="139" sc="5" el="139" ec="5" bec="0" bev="0" fileid="5" />
              </SequencePoints>
              <BranchPoints />
            </Method>
          </Methods>
        </Class>
        <Class>
          <Summary numSequencePoints="4" visitedSequencePoints="0" numBranchPoints="0" visitedBranchPoints="0" sequenceCoverage="0.0" branchCoverage="0.0" maxCyclomaticComplexity="0" minCyclomaticComplexity="0" maxCrapScore="0" minCrapScore="0" visitedClasses="0" numClasses="1" visitedMethods="0" numMethods="1" />
          <FullName>GameData</FullName>
          <Methods>
            <Method visited="false" cyclomaticComplexity="0" nPathComplexity="0" sequenceCoverage="0.0" branchCoverage="0" crapScore="0" isConstructor="true" isStatic="false" isGetter="false" isSetter="false">
              <Summary numSequencePoints="4" visitedSequencePoints="0" numBranchPoints="0" visitedBranchPoints="0" sequenceCoverage="0.0" branchCoverage="0" maxCyclomaticComplexity="0" minCyclomaticComplexity="0" maxCrapScore="0" minCrapScore="0" visitedClasses="0" numClasses="0" visitedMethods="0" numMethods="1" />
              <MetadataToken>100663339</MetadataToken>
              <Name>GameData::GameData()</Name>
              <FileRef uid="6" />
              <SequencePoints>
                <SequencePoint vc="0" uspid="1837" ordinal="0" offset="0" sl="7" sc="5" el="7" ec="5" bec="0" bev="0" fileid="6" />
                <SequencePoint vc="0" uspid="1838" ordinal="0" offset="7" sl="8" sc="5" el="8" ec="5" bec="0" bev="0" fileid="6" />
                <SequencePoint vc="0" uspid="1839" ordinal="0" offset="8" sl="9" sc="9" el="9" ec="9" bec="0" bev="0" fileid="6" />
                <SequencePoint vc="0" uspid="1840" ordinal="0" offset="19" sl="10" sc="5" el="10" ec="5" bec="0" bev="0" fileid="6" />
              </SequencePoints>
              <BranchPoints />
            </Method>
          </Methods>
        </Class>
        <Class>
          <Summary numSequencePoints="387" visitedSequencePoints="0" numBranchPoints="0" visitedBranchPoints="0" sequenceCoverage="0.0" branchCoverage="0.0" maxCyclomaticComplexity="0" minCyclomaticComplexity="0" maxCrapScore="0" minCrapScore="0" visitedClasses="0" numClasses="1" visitedMethods="0" numMethods="14" />
          <FullName>GameField</FullName>
          <Methods>
            <Method visited="false" cyclomaticComplexity="0" nPathComplexity="0" sequenceCoverage="0.0" branchCoverage="0" crapScore="0" isConstructor="false" isStatic="false" isGetter="false" isSetter="false">
              <Summary numSequencePoints="14" visitedSequencePoints="0" numBranchPoints="0" visitedBranchPoints="0" sequenceCoverage="0.0" branchCoverage="0" maxCyclomaticComplexity="0" minCyclomaticComplexity="0" maxCrapScore="0" minCrapScore="0" visitedClasses="0" numClasses="0" visitedMethods="0" numMethods="1" />
              <MetadataToken>100663340</MetadataToken>
              <Name>System.Void GameField::Awake()</Name>
              <FileRef uid="7" />
              <SequencePoints>
                <SequencePoint vc="0" uspid="1841" ordinal="0" offset="0" sl="26" sc="5" el="26" ec="5" bec="0" bev="0" fileid="7" />
                <SequencePoint vc="0" uspid="1842" ordinal="0" offset="1" sl="27" sc="9" el="27" ec="9" bec="0" bev="0" fileid="7" />
                <SequencePoint vc="0" uspid="1843" ordinal="0" offset="12" sl="33" sc="14" el="33" ec="14" bec="0" bev="0" fileid="7" />
                <SequencePoint vc="0" uspid="1844" ordinal="0" offset="16" sl="34" sc="9" el="34" ec="9" bec="0" bev="0" fileid="7" />
                <SequencePoint vc="0" uspid="1845" ordinal="0" offset="17" sl="35" sc="18" el="35" ec="18" bec="0" bev="0" fileid="7" />
                <SequencePoint vc="0" uspid="1846" ordinal="0" offset="21" sl="36" sc="13" el="36" ec="13" bec="0" bev="0" fileid="7" />
                <SequencePoint vc="0" uspid="1847" ordinal="0" offset="22" sl="37" sc="17" el="37" ec="17" bec="0" bev="0" fileid="7" />
                <SequencePoint vc="0" uspid="1848" ordinal="0" offset="56" sl="38" sc="13" el="38" ec="13" bec="0" bev="0" fileid="7" />
                <SequencePoint vc="0" uspid="1849" ordinal="0" offset="57" sl="35" sc="36" el="35" ec="36" bec="0" bev="0" fileid="7" />
                <SequencePoint vc="0" uspid="1850" ordinal="0" offset="61" sl="35" sc="29" el="35" ec="29" bec="0" bev="0" fileid="7" />
                <SequencePoint vc="0" uspid="1851" ordinal="0" offset="69" sl="39" sc="9" el="39" ec="9" bec="0" bev="0" fileid="7" />
                <SequencePoint vc="0" uspid="1852" ordinal="0" offset="70" sl="33" sc="32" el="33" ec="32" bec="0" bev="0" fileid="7" />
                <SequencePoint vc="0" uspid="1853" ordinal="0" offset="74" sl="33" sc="25" el="33" ec="25" bec="0" bev="0" fileid="7" />
                <SequencePoint vc="0" uspid="1854" ordinal="0" offset="82" sl="40" sc="5" el="40" ec="5" bec="0" bev="0" fileid="7" />
              </SequencePoints>
              <BranchPoints />
            </Method>
            <Method visited="false" cyclomaticComplexity="0" nPathComplexity="0" sequenceCoverage="0.0" branchCoverage="0" crapScore="0" isConstructor="false" isStatic="false" isGetter="false" isSetter="false">
              <Summary numSequencePoints="26" visitedSequencePoints="0" numBranchPoints="0" visitedBranchPoints="0" sequenceCoverage="0.0" branchCoverage="0" maxCyclomaticComplexity="0" minCyclomaticComplexity="0" maxCrapScore="0" minCrapScore="0" visitedClasses="0" numClasses="0" visitedMethods="0" numMethods="1" />
              <MetadataToken>100663341</MetadataToken>
              <Name>System.Void GameField::LoadData(GameData)</Name>
              <FileRef uid="7" />
              <SequencePoints>
                <SequencePoint vc="0" uspid="1855" ordinal="0" offset="0" sl="43" sc="0" el="43" ec="0" bec="0" bev="0" fileid="7" />
                <SequencePoint vc="0" uspid="1856" ordinal="0" offset="1" sl="44" sc="0" el="44" ec="0" bec="0" bev="0" fileid="7" />
                <SequencePoint vc="0" uspid="1857" ordinal="0" offset="3" sl="45" sc="0" el="45" ec="0" bec="0" bev="0" fileid="7" />
                <SequencePoint vc="0" uspid="1858" ordinal="0" offset="10" sl="46" sc="0" el="46" ec="0" bec="0" bev="0" fileid="7" />
                <SequencePoint vc="0" uspid="1859" ordinal="0" offset="11" sl="47" sc="0" el="47" ec="0" bec="0" bev="0" fileid="7" />
                <SequencePoint vc="0" uspid="1860" ordinal="0" offset="15" sl="48" sc="0" el="48" ec="0" bec="0" bev="0" fileid="7" />
                <SequencePoint vc="0" uspid="1861" ordinal="0" offset="16" sl="49" sc="0" el="49" ec="0" bec="0" bev="0" fileid="7" />
                <SequencePoint vc="0" uspid="1862" ordinal="0" offset="72" sl="50" sc="0" el="50" ec="0" bec="0" bev="0" fileid="7" />
                <SequencePoint vc="0" uspid="1863" ordinal="0" offset="73" sl="51" sc="0" el="51" ec="0" bec="0" bev="0" fileid="7" />
                <SequencePoint vc="0" uspid="1864" ordinal="0" offset="104" sl="52" sc="0" el="52" ec="0" bec="0" bev="0" fileid="7" />
                <SequencePoint vc="0" uspid="1865" ordinal="0" offset="131" sl="53" sc="0" el="53" ec="0" bec="0" bev="0" fileid="7" />
                <SequencePoint vc="0" uspid="1866" ordinal="0" offset="133" sl="54" sc="0" el="54" ec="0" bec="0" bev="0" fileid="7" />
                <SequencePoint vc="0" uspid="1867" ordinal="0" offset="134" sl="55" sc="0" el="55" ec="0" bec="0" bev="0" fileid="7" />
                <SequencePoint vc="0" uspid="1868" ordinal="0" offset="135" sl="47" sc="0" el="47" ec="0" bec="0" bev="0" fileid="7" />
                <SequencePoint vc="0" uspid="1869" ordinal="0" offset="139" sl="47" sc="0" el="47" ec="0" bec="0" bev="0" fileid="7" />
                <SequencePoint vc="0" uspid="1870" ordinal="0" offset="152" sl="56" sc="0" el="56" ec="0" bec="0" bev="0" fileid="7" />
                <SequencePoint vc="0" uspid="1871" ordinal="0" offset="153" sl="45" sc="0" el="45" ec="0" bec="0" bev="0" fileid="7" />
                <SequencePoint vc="0" uspid="1872" ordinal="0" offset="157" sl="45" sc="0" el="45" ec="0" bec="0" bev="0" fileid="7" />
                <SequencePoint vc="0" uspid="1873" ordinal="0" offset="170" sl="58" sc="0" el="58" ec="0" bec="0" bev="0" fileid="7" />
                <SequencePoint vc="0" uspid="1874" ordinal="0" offset="180" sl="59" sc="0" el="59" ec="0" bec="0" bev="0" fileid="7" />
                <SequencePoint vc="0" uspid="1875" ordinal="0" offset="181" sl="60" sc="0" el="60" ec="0" bec="0" bev="0" fileid="7" />
                <SequencePoint vc="0" uspid="1876" ordinal="0" offset="189" sl="61" sc="0" el="61" ec="0" bec="0" bev="0" fileid="7" />
                <SequencePoint vc="0" uspid="1877" ordinal="0" offset="197" sl="62" sc="0" el="62" ec="0" bec="0" bev="0" fileid="7" />
                <SequencePoint vc="0" uspid="1878" ordinal="0" offset="205" sl="63" sc="0" el="63" ec="0" bec="0" bev="0" fileid="7" />
                <SequencePoint vc="0" uspid="1879" ordinal="0" offset="206" sl="64" sc="0" el="64" ec="0" bec="0" bev="0" fileid="7" />
                <SequencePoint vc="0" uspid="1880" ordinal="0" offset="218" sl="65" sc="0" el="65" ec="0" bec="0" bev="0" fileid="7" />
              </SequencePoints>
              <BranchPoints />
            </Method>
            <Method visited="false" cyclomaticComplexity="0" nPathComplexity="0" sequenceCoverage="0.0" branchCoverage="0" crapScore="0" isConstructor="false" isStatic="false" isGetter="false" isSetter="false">
              <Summary numSequencePoints="3" visitedSequencePoints="0" numBranchPoints="0" visitedBranchPoints="0" sequenceCoverage="0.0" branchCoverage="0" maxCyclomaticComplexity="0" minCyclomaticComplexity="0" maxCrapScore="0" minCrapScore="0" visitedClasses="0" numClasses="0" visitedMethods="0" numMethods="1" />
              <MetadataToken>100663342</MetadataToken>
              <Name>System.Void GameField::SaveData(GameData&amp;)</Name>
              <FileRef uid="7" />
              <SequencePoints>
                <SequencePoint vc="0" uspid="1881" ordinal="0" offset="0" sl="68" sc="0" el="68" ec="0" bec="0" bev="0" fileid="7" />
                <SequencePoint vc="0" uspid="1882" ordinal="0" offset="1" sl="69" sc="0" el="69" ec="0" bec="0" bev="0" fileid="7" />
                <SequencePoint vc="0" uspid="1883" ordinal="0" offset="19" sl="70" sc="0" el="70" ec="0" bec="0" bev="0" fileid="7" />
              </SequencePoints>
              <BranchPoints />
            </Method>
            <Method visited="false" cyclomaticComplexity="0" nPathComplexity="0" sequenceCoverage="0.0" branchCoverage="0" crapScore="0" isConstructor="false" isStatic="false" isGetter="false" isSetter="false">
              <Summary numSequencePoints="22" visitedSequencePoints="0" numBranchPoints="0" visitedBranchPoints="0" sequenceCoverage="0.0" branchCoverage="0" maxCyclomaticComplexity="0" minCyclomaticComplexity="0" maxCrapScore="0" minCrapScore="0" visitedClasses="0" numClasses="0" visitedMethods="0" numMethods="1" />
              <MetadataToken>100663343</MetadataToken>
              <Name>.Pair[Int32,Int32] GameField::GetEmptyPosition()</Name>
              <FileRef uid="7" />
              <SequencePoints>
                <SequencePoint vc="0" uspid="1884" ordinal="0" offset="0" sl="73" sc="5" el="73" ec="5" bec="0" bev="0" fileid="7" />
                <SequencePoint vc="0" uspid="1885" ordinal="0" offset="1" sl="74" sc="9" el="74" ec="9" bec="0" bev="0" fileid="7" />
                <SequencePoint vc="0" uspid="1886" ordinal="0" offset="7" sl="76" sc="14" el="76" ec="14" bec="0" bev="0" fileid="7" />
                <SequencePoint vc="0" uspid="1887" ordinal="0" offset="11" sl="77" sc="9" el="77" ec="9" bec="0" bev="0" fileid="7" />
                <SequencePoint vc="0" uspid="1888" ordinal="0" offset="12" sl="78" sc="18" el="78" ec="18" bec="0" bev="0" fileid="7" />
                <SequencePoint vc="0" uspid="1889" ordinal="0" offset="16" sl="79" sc="13" el="79" ec="13" bec="0" bev="0" fileid="7" />
                <SequencePoint vc="0" uspid="1890" ordinal="0" offset="17" sl="80" sc="17" el="80" ec="17" bec="0" bev="0" fileid="7" />
                <SequencePoint vc="0" uspid="1891" ordinal="0" offset="39" sl="81" sc="17" el="81" ec="17" bec="0" bev="0" fileid="7" />
                <SequencePoint vc="0" uspid="1892" ordinal="0" offset="40" sl="82" sc="21" el="82" ec="21" bec="0" bev="0" fileid="7" />
                <SequencePoint vc="0" uspid="1893" ordinal="0" offset="54" sl="83" sc="17" el="83" ec="17" bec="0" bev="0" fileid="7" />
                <SequencePoint vc="0" uspid="1894" ordinal="0" offset="55" sl="84" sc="13" el="84" ec="13" bec="0" bev="0" fileid="7" />
                <SequencePoint vc="0" uspid="1895" ordinal="0" offset="56" sl="78" sc="36" el="78" ec="36" bec="0" bev="0" fileid="7" />
                <SequencePoint vc="0" uspid="1896" ordinal="0" offset="60" sl="78" sc="29" el="78" ec="29" bec="0" bev="0" fileid="7" />
                <SequencePoint vc="0" uspid="1897" ordinal="0" offset="70" sl="85" sc="9" el="85" ec="9" bec="0" bev="0" fileid="7" />
                <SequencePoint vc="0" uspid="1898" ordinal="0" offset="71" sl="76" sc="32" el="76" ec="32" bec="0" bev="0" fileid="7" />
                <SequencePoint vc="0" uspid="1899" ordinal="0" offset="75" sl="76" sc="25" el="76" ec="25" bec="0" bev="0" fileid="7" />
                <SequencePoint vc="0" uspid="1900" ordinal="0" offset="85" sl="87" sc="9" el="87" ec="9" bec="0" bev="0" fileid="7" />
                <SequencePoint vc="0" uspid="1901" ordinal="0" offset="100" sl="88" sc="9" el="88" ec="9" bec="0" bev="0" fileid="7" />
                <SequencePoint vc="0" uspid="1902" ordinal="0" offset="101" sl="89" sc="13" el="89" ec="13" bec="0" bev="0" fileid="7" />
                <SequencePoint vc="0" uspid="1903" ordinal="0" offset="112" sl="92" sc="9" el="92" ec="9" bec="0" bev="0" fileid="7" />
                <SequencePoint vc="0" uspid="1904" ordinal="0" offset="125" sl="93" sc="9" el="93" ec="9" bec="0" bev="0" fileid="7" />
                <SequencePoint vc="0" uspid="1905" ordinal="0" offset="136" sl="94" sc="5" el="94" ec="5" bec="0" bev="0" fileid="7" />
              </SequencePoints>
              <BranchPoints />
            </Method>
            <Method visited="false" cyclomaticComplexity="0" nPathComplexity="0" sequenceCoverage="0.0" branchCoverage="0" crapScore="0" isConstructor="false" isStatic="false" isGetter="false" isSetter="false">
              <Summary numSequencePoints="7" visitedSequencePoints="0" numBranchPoints="0" visitedBranchPoints="0" sequenceCoverage="0.0" branchCoverage="0" maxCyclomaticComplexity="0" minCyclomaticComplexity="0" maxCrapScore="0" minCrapScore="0" visitedClasses="0" numClasses="0" visitedMethods="0" numMethods="1" />
              <MetadataToken>100663344</MetadataToken>
              <Name>System.Void GameField::CreateCell(System.Int32)</Name>
              <FileRef uid="7" />
              <SequencePoints>
                <SequencePoint vc="0" uspid="1906" ordinal="0" offset="0" sl="97" sc="5" el="97" ec="5" bec="0" bev="0" fileid="7" />
                <SequencePoint vc="0" uspid="1907" ordinal="0" offset="1" sl="98" sc="9" el="98" ec="9" bec="0" bev="0" fileid="7" />
                <SequencePoint vc="0" uspid="1908" ordinal="0" offset="8" sl="99" sc="9" el="99" ec="9" bec="0" bev="0" fileid="7" />
[...]
              <FileRef uid="9" />
              <SequencePoints>
                <SequencePoint vc="0" uspid="2327" ordinal="0" offset="0" sl="5" sc="5" el="5" ec="5" bec="0" bev="0" fileid="9" />
              </SequencePoints>
              <BranchPoints />
            </Method>
          </Methods>
        </Class>
        <Class>
          <Summary numSequencePoints="5" visitedSequencePoints="0" numBranchPoints="0" visitedBranchPoints="0" sequenceCoverage="0.0" branchCoverage="0.0" maxCyclomaticComplexity="0" minCyclomaticComplexity="0" maxCrapScore="0" minCrapScore="0" visitedClasses="0" numClasses="1" visitedMethods="0" numMethods="1" />
          <FullName>Pair[T,U]</FullName>
          <Methods>
            <Method visited="false" cyclomaticComplexity="0" nPathComplexity="0" sequenceCoverage="0.0" branchCoverage="0" crapScore="0" isConstructor="true" isStatic="false" isGetter="false" isSetter="false">
              <Summary numSequencePoints="5" visitedSequencePoints="0" numBranchPoints="0" visitedBranchPoints="0" sequenceCoverage="0.0" branchCoverage="0" maxCyclomaticComplexity="0" minCyclomaticComplexity="0" maxCrapScore="0" minCrapScore="0" visitedClasses="0" numClasses="0" visitedMethods="0" numMethods="1" />
              <MetadataToken>100663385</MetadataToken>
              <Name>Pair[T,U]::Pair(T, U)</Name>
              <FileRef uid="10" />
              <SequencePoints>
                <SequencePoint vc="0" uspid="2328" ordinal="0" offset="0" sl="9" sc="0" el="9" ec="0" bec="0" bev="0" fileid="10" />
                <SequencePoint vc="0" uspid="2329" ordinal="0" offset="7" sl="10" sc="0" el="10" ec="0" bec="0" bev="0" fileid="10" />
                <SequencePoint vc="0" uspid="2330" ordinal="0" offset="8" sl="11" sc="0" el="11" ec="0" bec="0" bev="0" fileid="10" />
                <SequencePoint vc="0" uspid="2331" ordinal="0" offset="15" sl="12" sc="0" el="12" ec="0" bec="0" bev="0" fileid="10" />
                <SequencePoint vc="0" uspid="2332" ordinal="0" offset="22" sl="13" sc="0" el="13" ec="0" bec="0" bev="0" fileid="10" />
              </SequencePoints>
              <BranchPoints />
            </Method>
          </Methods>
        </Class>
        <Class>
          <Summary numSequencePoints="12" visitedSequencePoints="0" numBranchPoints="0" visitedBranchPoints="0" sequenceCoverage="0.0" branchCoverage="0.0" maxCyclomaticComplexity="0" minCyclomaticComplexity="0" maxCrapScore="0" minCrapScore="0" visitedClasses="0" numClasses="1" visitedMethods="0" numMethods="2" />
          <FullName>ScoreListener</FullName>
          <Methods>
            <Method visited="false" cyclomaticComplexity="0" nPathComplexity="0" sequenceCoverage="0.0" branchCoverage="0" crapScore="0" isConstructor="false" isStatic="false" isGetter="false" isSetter="false">
              <Summary numSequencePoints="9" visitedSequencePoints="0" numBranchPoints="0" visitedBranchPoints="0" sequenceCoverage="0.0" branchCoverage="0" maxCyclomaticComplexity="0" minCyclomaticComplexity="0" maxCrapScore="0" minCrapScore="0" visitedClasses="0" numClasses="0" visitedMethods="0" numMethods="1" />
              <MetadataToken>100663386</MetadataToken>
              <Name>System.Void ScoreListener::Awake()</Name>
              <FileRef uid="11" />
              <SequencePoints>
                <SequencePoint vc="0" uspid="2333" ordinal="0" offset="0" sl="14" sc="5" el="14" ec="5" bec="0" bev="0" fileid="11" />
                <SequencePoint vc="0" uspid="2334" ordinal="0" offset="1" sl="15" sc="9" el="15" ec="9" bec="0" bev="0" fileid="11" />
                <SequencePoint vc="0" uspid="2335" ordinal="0" offset="12" sl="16" sc="9" el="16" ec="9" bec="0" bev="0" fileid="11" />
                <SequencePoint vc="0" uspid="2336" ordinal="0" offset="27" sl="17" sc="9" el="17" ec="9" bec="0" bev="0" fileid="11" />
                <SequencePoint vc="0" uspid="2337" ordinal="0" offset="28" sl="18" sc="13" el="18" ec="13" bec="0" bev="0" fileid="11" />
                <SequencePoint vc="0" uspid="2338" ordinal="0" offset="45" sl="19" sc="9" el="19" ec="9" bec="0" bev="0" fileid="11" />
                <SequencePoint vc="0" uspid="2339" ordinal="0" offset="46" sl="24" sc="9" el="24" ec="9" bec="0" bev="0" fileid="11" />
                <SequencePoint vc="0" uspid="2340" ordinal="0" offset="58" sl="31" sc="9" el="31" ec="9" bec="0" bev="0" fileid="11" />
                <SequencePoint vc="0" uspid="2341" ordinal="0" offset="82" sl="32" sc="5" el="32" ec="5" bec="0" bev="0" fileid="11" />
              </SequencePoints>
              <BranchPoints />
            </Method>
            <Method visited="false" cyclomaticComplexity="0" nPathComplexity="0" sequenceCoverage="0.0" branchCoverage="0" crapScore="0" isConstructor="false" isStatic="false" isGetter="false" isSetter="false">
              <Summary numSequencePoints="3" visitedSequencePoints="0" numBranchPoints="0" visitedBranchPoints="0" sequenceCoverage="0.0" branchCoverage="0" maxCyclomaticComplexity="0" minCyclomaticComplexity="0" maxCrapScore="0" minCrapScore="0" visitedClasses="0" numClasses="0" visitedMethods="0" numMethods="1" />
              <MetadataToken>100663387</MetadataToken>
              <Name>System.Void ScoreListener::UpdateScore(System.Int32)</Name>
              <FileRef uid="11" />
              <SequencePoints>
                <SequencePoint vc="0" uspid="2342" ordinal="0" offset="0" sl="35" sc="5" el="35" ec="5" bec="0" bev="0" fileid="11" />
                <SequencePoint vc="0" uspid="2343" ordinal="0" offset="1" sl="36" sc="9" el="36" ec="9" bec="0" bev="0" fileid="11" />
                <SequencePoint vc="0" uspid="2344" ordinal="0" offset="29" sl="37" sc="5" el="37" ec="5" bec="0" bev="0" fileid="11" />
              </SequencePoints>
              <BranchPoints />
            </Method>
          </Methods>
        </Class>
        <Class>
          <Summary numSequencePoints="25" visitedSequencePoints="0" numBranchPoints="0" visitedBranchPoints="0" sequenceCoverage="0.0" branchCoverage="0.0" maxCyclomaticComplexity="0" minCyclomaticComplexity="0" maxCrapScore="0" minCrapScore="0" visitedClasses="0" numClasses="1" visitedMethods="0" numMethods="3" />
          <FullName>Serializable2DArray</FullName>
          <Methods>
            <Method visited="false" cyclomaticComplexity="0" nPathComplexity="0" sequenceCoverage="0.0" branchCoverage="0" crapScore="0" isConstructor="false" isStatic="false" isGetter="false" isSetter="false">
              <Summary numSequencePoints="14" visitedSequencePoints="0" numBranchPoints="0" visitedBranchPoints="0" sequenceCoverage="0.0" branchCoverage="0" maxCyclomaticComplexity="0" minCyclomaticComplexity="0" maxCrapScore="0" minCrapScore="0" visitedClasses="0" numClasses="0" visitedMethods="0" numMethods="1" />
              <MetadataToken>100663389</MetadataToken>
              <Name>System.Void Serializable2DArray::OnBeforeSerialize()</Name>
              <FileRef uid="12" />
              <SequencePoints>
                <SequencePoint vc="0" uspid="2345" ordinal="0" offset="0" sl="28" sc="5" el="28" ec="5" bec="0" bev="0" fileid="12" />
                <SequencePoint vc="0" uspid="2346" ordinal="0" offset="1" sl="29" sc="9" el="29" ec="9" bec="0" bev="0" fileid="12" />
                <SequencePoint vc="0" uspid="2347" ordinal="0" offset="12" sl="30" sc="14" el="30" ec="14" bec="0" bev="0" fileid="12" />
                <SequencePoint vc="0" uspid="2348" ordinal="0" offset="16" sl="31" sc="9" el="31" ec="9" bec="0" bev="0" fileid="12" />
                <SequencePoint vc="0" uspid="2349" ordinal="0" offset="17" sl="32" sc="18" el="32" ec="18" bec="0" bev="0" fileid="12" />
                <SequencePoint vc="0" uspid="2350" ordinal="0" offset="21" sl="33" sc="13" el="33" ec="13" bec="0" bev="0" fileid="12" />
                <SequencePoint vc="0" uspid="2351" ordinal="0" offset="22" sl="34" sc="17" el="34" ec="17" bec="0" bev="0" fileid="12" />
                <SequencePoint vc="0" uspid="2352" ordinal="0" offset="122" sl="35" sc="13" el="35" ec="13" bec="0" bev="0" fileid="12" />
                <SequencePoint vc="0" uspid="2353" ordinal="0" offset="123" sl="32" sc="36" el="32" ec="36" bec="0" bev="0" fileid="12" />
                <SequencePoint vc="0" uspid="2354" ordinal="0" offset="127" sl="32" sc="29" el="32" ec="29" bec="0" bev="0" fileid="12" />
                <SequencePoint vc="0" uspid="2355" ordinal="0" offset="135" sl="36" sc="9" el="36" ec="9" bec="0" bev="0" fileid="12" />
                <SequencePoint vc="0" uspid="2356" ordinal="0" offset="136" sl="30" sc="32" el="30" ec="32" bec="0" bev="0" fileid="12" />
                <SequencePoint vc="0" uspid="2357" ordinal="0" offset="140" sl="30" sc="25" el="30" ec="25" bec="0" bev="0" fileid="12" />
                <SequencePoint vc="0" uspid="2358" ordinal="0" offset="151" sl="37" sc="5" el="37" ec="5" bec="0" bev="0" fileid="12" />
              </SequencePoints>
              <BranchPoints />
            </Method>
            <Method visited="false" cyclomaticComplexity="0" nPathComplexity="0" sequenceCoverage="0.0" branchCoverage="0" crapScore="0" isConstructor="false" isStatic="false" isGetter="false" isSetter="false">
              <Summary numSequencePoints="10" visitedSequencePoints="0" numBranchPoints="0" visitedBranchPoints="0" sequenceCoverage="0.0" branchCoverage="0" maxCyclomaticComplexity="0" minCyclomaticComplexity="0" maxCrapScore="0" minCrapScore="0" visitedClasses="0" numClasses="0" visitedMethods="0" numMethods="1" />
              <MetadataToken>100663390</MetadataToken>
              <Name>System.Void Serializable2DArray::OnAfterDeserialize()</Name>
              <FileRef uid="12" />
              <SequencePoints>
                <SequencePoint vc="0" uspid="2359" ordinal="0" offset="0" sl="40" sc="0" el="40" ec="0" bec="0" bev="0" fileid="12" />
                <SequencePoint vc="0" uspid="2360" ordinal="0" offset="1" sl="41" sc="0" el="41" ec="0" bec="0" bev="0" fileid="12" />
                <SequencePoint vc="0" uspid="2361" ordinal="0" offset="14" sl="42" sc="0" el="42" ec="0" bec="0" bev="0" fileid="12" />
                <SequencePoint vc="0" uspid="2362" ordinal="0" offset="15" sl="42" sc="0" el="42" ec="0" bec="0" bev="0" fileid="12" />
                <SequencePoint vc="0" uspid="2363" ordinal="0" offset="29" sl="42" sc="0" el="42" ec="0" bec="0" bev="0" fileid="12" />
                <SequencePoint vc="0" uspid="2364" ordinal="0" offset="37" sl="43" sc="0" el="43" ec="0" bec="0" bev="0" fileid="12" />
                <SequencePoint vc="0" uspid="2365" ordinal="0" offset="38" sl="44" sc="0" el="44" ec="0" bec="0" bev="0" fileid="12" />
                <SequencePoint vc="0" uspid="2366" ordinal="0" offset="88" sl="45" sc="0" el="45" ec="0" bec="0" bev="0" fileid="12" />
                <SequencePoint vc="0" uspid="2367" ordinal="0" offset="89" sl="42" sc="0" el="42" ec="0" bec="0" bev="0" fileid="12" />
                <SequencePoint vc="0" uspid="2368" ordinal="0" offset="115" sl="46" sc="0" el="46" ec="0" bec="0" bev="0" fileid="12" />
              </SequencePoints>
              <BranchPoints />
            </Method>
            <Method visited="false" cyclomaticComplexity="0" nPathComplexity="0" sequenceCoverage="0.0" branchCoverage="0" crapScore="0" isConstructor="true" isStatic="false" isGetter="false" isSetter="false">
              <Summary numSequencePoints="1" visitedSequencePoints="0" numBranchPoints="0" visitedBranchPoints="0" sequenceCoverage="0.0" branchCoverage="0" maxCyclomaticComplexity="0" minCyclomaticComplexity="0" maxCrapScore="0" minCrapScore="0" visitedClasses="0" numClasses="0" visitedMethods="0" numMethods="1" />
              <MetadataToken>100663391</MetadataToken>
              <Name>Serializable2DArray::Serializable2DArray()</Name>
              <FileRef uid="12" />
              <SequencePoints>
                <SequencePoint vc="0" uspid="2369" ordinal="0" offset="0" sl="9" sc="5" el="9" ec="5" bec="0" bev="0" fileid="12" />
              </SequencePoints>
              <BranchPoints />
            </Method>
          </Methods>
        </Class>
        <Class>
          <Summary numSequencePoints="16" visitedSequencePoints="0" numBranchPoints="0" visitedBranchPoints="0" sequenceCoverage="0.0" branchCoverage="0.0" maxCyclomaticComplexity="0" minCyclomaticComplexity="0" maxCrapScore="0" minCrapScore="0" visitedClasses="0" numClasses="1" visitedMethods="0" numMethods="1" />
          <FullName>CellView/&lt;UpdatePositionCoroutine&gt;d__15</FullName>
          <Methods>
            <Method visited="false" cyclomaticComplexity="0" nPathComplexity="0" sequenceCoverage="0.0" branchCoverage="0" crapScore="0" isConstructor="false" isStatic="false" isGetter="false" isSetter="false">
              <Summary numSequencePoints="16" visitedSequencePoints="0" numBranchPoints="0" visitedBranchPoints="0" sequenceCoverage="0.0" branchCoverage="0" maxCyclomaticComplexity="0" minCyclomaticComplexity="0" maxCrapScore="0" minCrapScore="0" visitedClasses="0" numClasses="0" visitedMethods="0" numMethods="1" />
              <MetadataToken>100663396</MetadataToken>
              <Name>System.Boolean CellView/&lt;UpdatePositionCoroutine&gt;d__15::MoveNext()</Name>
              <FileRef uid="2" />
              <SequencePoints>
                <SequencePoint vc="0" uspid="2370" ordinal="0" offset="34" sl="65" sc="5" el="65" ec="5" bec="0" bev="0" fileid="2" />
                <SequencePoint vc="0" uspid="2371" ordinal="0" offset="35" sl="66" sc="9" el="66" ec="9" bec="0" bev="0" fileid="2" />
                <SequencePoint vc="0" uspid="2372" ordinal="0" offset="48" sl="67" sc="9" el="67" ec="9" bec="0" bev="0" fileid="2" />
                <SequencePoint vc="0" uspid="2373" ordinal="0" offset="61" sl="68" sc="9" el="68" ec="9" bec="0" bev="0" fileid="2" />
                <SequencePoint vc="0" uspid="2374" ordinal="0" offset="94" sl="69" sc="9" el="69" ec="9" bec="0" bev="0" fileid="2" />
                <SequencePoint vc="0" uspid="2375" ordinal="0" offset="125" sl="70" sc="9" el="70" ec="9" bec="0" bev="0" fileid="2" />
                <SequencePoint vc="0" uspid="2376" ordinal="0" offset="138" sl="72" sc="9" el="72" ec="9" bec="0" bev="0" fileid="2" />
                <SequencePoint vc="0" uspid="2377" ordinal="0" offset="139" sl="73" sc="13" el="73" ec="13" bec="0" bev="0" fileid="2" />
                <SequencePoint vc="0" uspid="2378" ordinal="0" offset="183" sl="74" sc="13" el="74" ec="13" bec="0" bev="0" fileid="2" />
                <SequencePoint vc="0" uspid="2379" ordinal="0" offset="220" sl="75" sc="13" el="75" ec="13" bec="0" bev="0" fileid="2" />
                <SequencePoint vc="0" uspid="2380" ordinal="0" offset="243" sl="76" sc="9" el="76" ec="9" bec="0" bev="0" fileid="2" />
                <SequencePoint vc="0" uspid="2381" ordinal="0" offset="244" sl="71" sc="9" el="71" ec="9" bec="0" bev="0" fileid="2" />
                <SequencePoint vc="0" uspid="2382" ordinal="0" offset="318" sl="77" sc="9" el="77" ec="9" bec="0" bev="0" fileid="2" />
                <SequencePoint vc="0" uspid="2383" ordinal="0" offset="341" sl="78" sc="9" el="78" ec="9" bec="0" bev="0" fileid="2" />
                <SequencePoint vc="0" uspid="2384" ordinal="0" offset="354" sl="79" sc="9" el="79" ec="9" bec="0" bev="0" fileid="2" />
                <SequencePoint vc="0" uspid="2385" ordinal="0" offset="367" sl="80" sc="5" el="80" ec="5" bec="0" bev="0" fileid="2" />
              </SequencePoints>
              <BranchPoints />
            </Method>
          </Methods>
        </Class>
        <Class>
          <Summary numSequencePoints="7" visitedSequencePoints="0" numBranchPoints="0" visitedBranchPoints="0" sequenceCoverage="0.0" branchCoverage="0.0" maxCyclomaticComplexity="0" minCyclomaticComplexity="0" maxCrapScore="0" minCrapScore="0" visitedClasses="0" numClasses="1" visitedMethods="0" numMethods="1" />
          <FullName>GameField/&lt;CreateVisualCell&gt;d__13</FullName>
          <Methods>
            <Method visited="false" cyclomaticComplexity="0" nPathComplexity="0" sequenceCoverage="0.0" branchCoverage="0" crapScore="0" isConstructor="false" isStatic="false" isGetter="false" isSetter="false">
              <Summary numSequencePoints="7" visitedSequencePoints="0" numBranchPoints="0" visitedBranchPoints="0" sequenceCoverage="0.0" branchCoverage="0" maxCyclomaticComplexity="0" minCyclomaticComplexity="0" maxCrapScore="0" minCrapScore="0" visitedClasses="0" numClasses="0" visitedMethods="0" numMethods="1" />
              <MetadataToken>100663402</MetadataToken>
              <Name>System.Boolean GameField/&lt;CreateVisualCell&gt;d__13::MoveNext()</Name>
              <FileRef uid="7" />
              <SequencePoints>
                <SequencePoint vc="0" uspid="2386" ordinal="0" offset="31" sl="124" sc="5" el="124" ec="5" bec="0" bev="0" fileid="7" />
                <SequencePoint vc="0" uspid="2387" ordinal="0" offset="32" sl="125" sc="9" el="125" ec="9" bec="0" bev="0" fileid="7" />
                <SequencePoint vc="0" uspid="2388" ordinal="0" offset="64" sl="127" sc="9" el="127" ec="9" bec="0" bev="0" fileid="7" />
                <SequencePoint vc="0" uspid="2389" ordinal="0" offset="105" sl="128" sc="9" el="128" ec="9" bec="0" bev="0" fileid="7" />
                <SequencePoint vc="0" uspid="2390" ordinal="0" offset="134" sl="129" sc="9" el="129" ec="9" bec="0" bev="0" fileid="7" />
                <SequencePoint vc="0" uspid="2391" ordinal="0" offset="157" sl="130" sc="9" el="130" ec="9" bec="0" bev="0" fileid="7" />
                <SequencePoint vc="0" uspid="2392" ordinal="0" offset="206" sl="131" sc="5" el="131" ec="5" bec="0" bev="0" fileid="7" />
              </SequencePoints>
              <BranchPoints />
            </Method>
          </Methods>
        </Class>
        <Class>
          <Summary numSequencePoints="5" visitedSequencePoints="0" numBranchPoints="0" visitedBranchPoints="0" sequenceCoverage="0.0" branchCoverage="0.0" maxCyclomaticComplexity="0" minCyclomaticComplexity="0" maxCrapScore="0" minCrapScore="0" visitedClasses="0" numClasses="1" visitedMethods="0" numMethods="1" />
          <FullName>Serializable2DArrayPackage[TElement]</FullName>
          <Methods>
            <Method visited="false" cyclomaticComplexity="0" nPathComplexity="0" sequenceCoverage="0.0" branchCoverage="0" crapScore="0" isConstructor="true" isStatic="false" isGetter="false" isSetter="false">
              <Summary numSequencePoints="5" visitedSequencePoints="0" numBranchPoints="0" visitedBranchPoints="0" sequenceCoverage="0.0" branchCoverage="0" maxCyclomaticComplexity="0" minCyclomaticComplexity="0" maxCrapScore="0" minCrapScore="0" visitedClasses="0" numClasses="0" visitedMethods="0" numMethods="1" />
              <MetadataToken>100663406</MetadataToken>
              <Name>Serializable2DArrayPackage[TElement]::Package(System.Int32, System.Int32, TElement)</Name>
              <FileRef uid="12" />
              <SequencePoints>
                <SequencePoint vc="0" uspid="2393" ordinal="0" offset="0" sl="21" sc="0" el="21" ec="0" bec="0" bev="0" fileid="12" />
                <SequencePoint vc="0" uspid="2394" ordinal="0" offset="1" sl="22" sc="0" el="22" ec="0" bec="0" bev="0" fileid="12" />
                <SequencePoint vc="0" uspid="2395" ordinal="0" offset="8" sl="23" sc="0" el="23" ec="0" bec="0" bev="0" fileid="12" />
                <SequencePoint vc="0" uspid="2396" ordinal="0" offset="15" sl="24" sc="0" el="24" ec="0" bec="0" bev="0" fileid="12" />
                <SequencePoint vc="0" uspid="2397" ordinal="0" offset="22" sl="25" sc="0" el="25" ec="0" bec="0" bev="0" fileid="12" />
              </SequencePoints>
              <BranchPoints />
            </Method>
          </Methods>
        </Class>
      </Classes>
    </Module>
  </Modules>
</CoverageSession>