<?xml version="1.0" encoding="utf-8"?>
<CoverageSession xmlns:xsd="http://www.w3.org/2001/XMLSchema" xmlns:xsi="http://www.w3.org/2001/XMLSchema-instance" Version="0.0.0.0">
  <Summary numSequencePoints="180" visitedSequencePoints="180" numBranchPoints="0" visitedBranchPoints="0" sequenceCoverage="100.0" branchCoverage="0.0" maxCyclomaticComplexity="0" minCyclomaticComplexity="0" maxCrapScore="0" minCrapScore="0" visitedClasses="8" numClasses="8" visitedMethods="22" numMethods="22" />
  <Modules>
    <Module>
      <Summary numSequencePoints="180" visitedSequencePoints="180" numBranchPoints="0" visitedBranchPoints="0" sequenceCoverage="100.0" branchCoverage="0.0" maxCyclomaticComplexity="0" minCyclomaticComplexity="0" maxCrapScore="0" minCrapScore="0" visitedClasses="8" numClasses="8" visitedMethods="22" numMethods="22" />
      <ModuleTime>0001-01-01T00:00:00</ModuleTime>
      <ModuleName>Scripts</ModuleName>
      <Files>
        <File uid="1" fullPath="C:/Users/denis/Desktop/UnityLab3/Assets/Scripts/Cell.cs" />
        <File uid="2" fullPath="C:/Users/denis/Desktop/UnityLab3/Assets/Scripts/CellView.cs" />
        <File uid="3" fullPath="C:/Users/denis/Desktop/UnityLab3/Assets/Scripts/DataManager.cs" />
        <File uid="4" fullPath="C:/Users/denis/Desktop/UnityLab3/Assets/Scripts/FileDataManager.cs" />
        <File uid="5" fullPath="C:/Users/denis/Desktop/UnityLab3/Assets/Scripts/GameActions.cs" />
        <File uid="6" fullPath="C:/Users/denis/Desktop/UnityLab3/Assets/Scripts/GameData.cs" />
        <File uid="7" fullPath="C:/Users/denis/Desktop/UnityLab3/Assets/Scripts/GameField.cs" />
        <File uid="8" fullPath="C:/Users/denis/Desktop/UnityLab3/Assets/Scripts/InputManager.cs" />
        <File uid="9" fullPath="C:/Users/denis/Desktop/UnityLab3/Assets/Scripts/ObservableInt.cs" />
        <File uid="10" fullPath="C:/Users/denis/Desktop/UnityLab3/Assets/Scripts/Pair.cs" />
        <File uid="11" fullPath="C:/Users/denis/Desktop/UnityLab3/Assets/Scripts/ScoreListener.cs" />
        <File uid="12" fullPath="C:/Users/denis/Desktop/UnityLab3/Assets/Scripts/Serializable2DArray.cs" />
      </Files>
      <Classes>
        <Class>
          <Summary numSequencePoints="19" visitedSequencePoints="19" numBranchPoints="0" visitedBranchPoints="0" sequenceCoverage="100.0" branchCoverage="0.0" maxCyclomaticComplexity="0" minCyclomaticComplexity="0" maxCrapScore="0" minCrapScore="0" visitedClasses="1" numClasses="1" visitedMethods="5" numMethods="5" />
          <FullName>Cell</FullName>
          <Methods>
            <Method visited="true" cyclomaticComplexity="0" nPathComplexity="0" sequenceCoverage="100.0" branchCoverage="0" crapScore="0" isConstructor="false" isStatic="false" isGetter="true" isSetter="false">
              <Summary numSequencePoints="3" visitedSequencePoints="3" numBranchPoints="0" visitedBranchPoints="0" sequenceCoverage="100.0" branchCoverage="0" maxCyclomaticComplexity="0" minCyclomaticComplexity="0" maxCrapScore="0" minCrapScore="0" visitedClasses="0" numClasses="0" visitedMethods="1" numMethods="1" />
              <MetadataToken>100663301</MetadataToken>
              <Name>System.Int32 Cell::get_Value()</Name>
              <FileRef uid="1" />
              <SequencePoints>
                <SequencePoint vc="9" uspid="2398" ordinal="0" offset="0" sl="17" sc="9" el="17" ec="9" bec="0" bev="0" fileid="1" />
                <SequencePoint vc="9" uspid="2399" ordinal="0" offset="1" sl="18" sc="13" el="18" ec="13" bec="0" bev="0" fileid="1" />
                <SequencePoint vc="9" uspid="2400" ordinal="0" offset="10" sl="19" sc="9" el="19" ec="9" bec="0" bev="0" fileid="1" />
              </SequencePoints>
              <BranchPoints />
            </Method>
            <Method visited="true" cyclomaticComplexity="0" nPathComplexity="0" sequenceCoverage="100.0" branchCoverage="0" crapScore="0" isConstructor="false" isStatic="false" isGetter="false" isSetter="true">
              <Summary numSequencePoints="4" visitedSequencePoints="4" numBranchPoints="0" visitedBranchPoints="0" sequenceCoverage="100.0" branchCoverage="0" maxCyclomaticComplexity="0" minCyclomaticComplexity="0" maxCrapScore="0" minCrapScore="0" visitedClasses="0" numClasses="0" visitedMethods="1" numMethods="1" />
              <MetadataToken>100663302</MetadataToken>
              <Name>System.Void Cell::set_Value(System.Int32)</Name>
              <FileRef uid="1" />
              <SequencePoints>
                <SequencePoint vc="1" uspid="2401" ordinal="0" offset="0" sl="21" sc="9" el="21" ec="9" bec="0" bev="0" fileid="1" />
                <SequencePoint vc="1" uspid="2402" ordinal="0" offset="1" sl="22" sc="13" el="22" ec="13" bec="0" bev="0" fileid="1" />
                <SequencePoint vc="1" uspid="2403" ordinal="0" offset="8" sl="23" sc="13" el="23" ec="13" bec="0" bev="0" fileid="1" />
                <SequencePoint vc="1" uspid="2404" ordinal="0" offset="26" sl="24" sc="9" el="24" ec="9" bec="0" bev="0" fileid="1" />
              </SequencePoints>
              <BranchPoints />
            </Method>
            <Method visited="true" cyclomaticComplexity="0" nPathComplexity="0" sequenceCoverage="100.0" branchCoverage="0" crapScore="0" isConstructor="false" isStatic="false" isGetter="true" isSetter="false">
              <Summary numSequencePoints="3" visitedSequencePoints="3" numBranchPoints="0" visitedBranchPoints="0" sequenceCoverage="100.0" branchCoverage="0" maxCyclomaticComplexity="0" minCyclomaticComplexity="0" maxCrapScore="0" minCrapScore="0" visitedClasses="0" numClasses="0" visitedMethods="1" numMethods="1" />
              <MetadataToken>100663303</MetadataToken>
              <Name>UnityEngine.Vector3 Cell::get_Position()</Name>
              <FileRef uid="1" />
              <SequencePoints>
                <SequencePoint vc="5" uspid="2405" ordinal="0" offset="0" sl="30" sc="9" el="30" ec="9" bec="0" bev="0" fileid="1" />
                <SequencePoint vc="5" uspid="2406" ordinal="0" offset="1" sl="31" sc="13" el="31" ec="13" bec="0" bev="0" fileid="1" />
                <SequencePoint vc="5" uspid="2407" ordinal="0" offset="10" sl="32" sc="9" el="32" ec="9" bec="0" bev="0" fileid="1" />
              </SequencePoints>
              <BranchPoints />
            </Method>
            <Method visited="true" cyclomaticComplexity="0" nPathComplexity="0" sequenceCoverage="100.0" branchCoverage="0" crapScore="0" isConstructor="false" isStatic="false" isGetter="false" isSetter="true">
              <Summary numSequencePoints="4" visitedSequencePoints="4" numBranchPoints="0" visitedBranchPoints="0" sequenceCoverage="100.0" branchCoverage="0" maxCyclomaticComplexity="0" minCyclomaticComplexity="0" maxCrapScore="0" minCrapScore="0" visitedClasses="0" numClasses="0" visitedMethods="1" numMethods="1" />
              <MetadataToken>100663304</MetadataToken>
              <Name>System.Void Cell::set_Position(UnityEngine.Vector3)</Name>
              <FileRef uid="1" />
              <SequencePoints>
                <SequencePoint vc="1" uspid="2408" ordinal="0" offset="0" sl="34" sc="9" el="34" ec="9" bec="0" bev="0" fileid="1" />
                <SequencePoint vc="1" uspid="2409" ordinal="0" offset="1" sl="35" sc="13" el="35" ec="13" bec="0" bev="0" fileid="1" />
                <SequencePoint vc="1" uspid="2410" ordinal="0" offset="8" sl="36" sc="13" el="36" ec="13" bec="0" bev="0" fileid="1" />
                <SequencePoint vc="1" uspid="2411" ordinal="0" offset="26" sl="37" sc="9" el="37" ec="9" bec="0" bev="0" fileid="1" />
              </SequencePoints>
              <BranchPoints />
            </Method>
            <Method visited="true" cyclomaticComplexity="0" nPathComplexity="0" sequenceCoverage="100.0" branchCoverage="0" crapScore="0" isConstructor="true" isStatic="false" isGetter="false" isSetter="false">
              <Summary numSequencePoints="5" visitedSequencePoints="5" numBranchPoints="0" visitedBranchPoints="0" sequenceCoverage="100.0" branchCoverage="0" maxCyclomaticComplexity="0" minCyclomaticComplexity="0" maxCrapScore="0" minCrapScore="0" visitedClasses="0" numClasses="0" visitedMethods="1" numMethods="1" />
              <MetadataToken>100663307</MetadataToken>
              <Name>Cell::Cell(System.Int32, UnityEngine.Vector3)</Name>
              <FileRef uid="1" />
              <SequencePoints>
                <SequencePoint vc="55" uspid="2418" ordinal="0" offset="0" sl="46" sc="5" el="46" ec="5" bec="0" bev="0" fileid="1" />
                <SequencePoint vc="55" uspid="2419" ordinal="0" offset="7" sl="47" sc="5" el="47" ec="5" bec="0" bev="0" fileid="1" />
                <SequencePoint vc="55" uspid="2420" ordinal="0" offset="8" sl="48" sc="9" el="48" ec="9" bec="0" bev="0" fileid="1" />
                <SequencePoint vc="55" uspid="2421" ordinal="0" offset="15" sl="49" sc="9" el="49" ec="9" bec="0" bev="0" fileid="1" />
                <SequencePoint vc="55" uspid="2422" ordinal="0" offset="22" sl="50" sc="5" el="50" ec="5" bec="0" bev="0" fileid="1" />
              </SequencePoints>
              <BranchPoints />
            </Method>
          </Methods>
        </Class>
        <Class>
          <Summary numSequencePoints="59" visitedSequencePoints="59" numBranchPoints="0" visitedBranchPoints="0" sequenceCoverage="100.0" branchCoverage="0.0" maxCyclomaticComplexity="0" minCyclomaticComplexity="0" maxCrapScore="0" minCrapScore="0" visitedClasses="1" numClasses="1" visitedMethods="5" numMethods="5" />
          <FullName>FileDataManager</FullName>
          <Methods>
            <Method visited="true" cyclomaticComplexity="0" nPathComplexity="0" sequenceCoverage="100.0" branchCoverage="0" crapScore="0" isConstructor="false" isStatic="false" isGetter="false" isSetter="false">
              <Summary numSequencePoints="22" visitedSequencePoints="22" numBranchPoints="0" visitedBranchPoints="0" sequenceCoverage="100.0" branchCoverage="0" maxCyclomaticComplexity="0" minCyclomaticComplexity="0" maxCrapScore="0" minCrapScore="0" visitedClasses="0" numClasses="0" visitedMethods="1" numMethods="1" />
              <MetadataToken>100663323</MetadataToken>
              <Name>GameData FileDataManager::Load()</Name>
              <FileRef uid="4" />
              <SequencePoints>
                <SequencePoint vc="1" uspid="2482" ordinal="0" offset="0" sl="20" sc="5" el="20" ec="5" bec="0" bev="0" fileid="4" />
                <SequencePoint vc="1" uspid="2483" ordinal="0" offset="1" sl="21" sc="9" el="21" ec="9" bec="0" bev="0" fileid="4" />
                <SequencePoint vc="1" uspid="2484" ordinal="0" offset="19" sl="22" sc="9" el="22" ec="9" bec="0" bev="0" fileid="4" />
                <SequencePoint vc="1" uspid="2485" ordinal="0" offset="21" sl="24" sc="9" el="24" ec="9" bec="0" bev="0" fileid="4" />
                <SequencePoint vc="1" uspid="2486" ordinal="0" offset="31" sl="25" sc="9" el="25" ec="9" bec="0" bev="0" fileid="4" />
                <SequencePoint vc="1" uspid="2487" ordinal="0" offset="32" sl="27" sc="13" el="27" ec="13" bec="0" bev="0" fileid="4" />
                <SequencePoint vc="1" uspid="2488" ordinal="0" offset="33" sl="28" sc="17" el="28" ec="17" bec="0" bev="0" fileid="4" />
                <SequencePoint vc="1" uspid="2489" ordinal="0" offset="39" sl="29" sc="24" el="29" ec="24" bec="0" bev="0" fileid="4" />
                <SequencePoint vc="1" uspid="2490" ordinal="0" offset="48" sl="30" sc="17" el="30" ec="17" bec="0" bev="0" fileid="4" />
                <SequencePoint vc="1" uspid="2491" ordinal="0" offset="49" sl="31" sc="28" el="31" ec="28" bec="0" bev="0" fileid="4" />
                <SequencePoint vc="1" uspid="2492" ordinal="0" offset="58" sl="32" sc="21" el="32" ec="21" bec="0" bev="0" fileid="4" />
                <SequencePoint vc="1" uspid="2493" ordinal="0" offset="59" sl="33" sc="25" el="33" ec="25" bec="0" bev="0" fileid="4" />
                <SequencePoint vc="1" uspid="2494" ordinal="0" offset="67" sl="34" sc="21" el="34" ec="21" bec="0" bev="0" fileid="4" />
                <SequencePoint vc="1" uspid="2495" ordinal="0" offset="83" sl="35" sc="17" el="35" ec="17" bec="0" bev="0" fileid="4" />
                <SequencePoint vc="1" uspid="2496" ordinal="0" offset="99" sl="36" sc="17" el="36" ec="17" bec="0" bev="0" fileid="4" />
                <SequencePoint vc="1" uspid="2497" ordinal="0" offset="107" sl="38" sc="17" el="38" ec="17" bec="0" bev="0" fileid="4" />
                <SequencePoint vc="1" uspid="2498" ordinal="0" offset="114" sl="39" sc="13" el="39" ec="13" bec="0" bev="0" fileid="4" />
                <SequencePoint vc="1" uspid="2499" ordinal="0" offset="117" sl="40" sc="21" el="40" ec="21" bec="0" bev="0" fileid="4" />
                <SequencePoint vc="1" uspid="2500" ordinal="0" offset="118" sl="40" sc="23" el="40" ec="23" bec="0" bev="0" fileid="4" />
                <SequencePoint vc="1" uspid="2501" ordinal="0" offset="120" sl="45" sc="9" el="45" ec="9" bec="0" bev="0" fileid="4" />
                <SequencePoint vc="1" uspid="2502" ordinal="0" offset="121" sl="46" sc="9" el="46" ec="9" bec="0" bev="0" fileid="4" />
                <SequencePoint vc="1" uspid="2503" ordinal="0" offset="126" sl="47" sc="5" el="47" ec="5" bec="0" bev="0" fileid="4" />
              </SequencePoints>
              <BranchPoints />
            </Method>
            <Method visited="true" cyclomaticComplexity="0" nPathComplexity="0" sequenceCoverage="100.0" branchCoverage="0" crapScore="0" isConstructor="false" isStatic="false" isGetter="false" isSetter="false">
              <Summary numSequencePoints="17" visitedSequencePoints="17" numBranchPoints="0" visitedBranchPoints="0" sequenceCoverage="100.0" branchCoverage="0" maxCyclomaticComplexity="0" minCyclomaticComplexity="0" maxCrapScore="0" minCrapScore="0" visitedClasses="0" numClasses="0" visitedMethods="1" numMethods="1" />
              <MetadataToken>100663324</MetadataToken>
              <Name>System.Void FileDataManager::Save(GameData)</Name>
              <FileRef uid="4" />
              <SequencePoints>
                <SequencePoint vc="2" uspid="2504" ordinal="0" offset="0" sl="50" sc="5" el="50" ec="5" bec="0" bev="0" fileid="4" />
                <SequencePoint vc="2" uspid="2505" ordinal="0" offset="1" sl="51" sc="9" el="51" ec="9" bec="0" bev="0" fileid="4" />
                <SequencePoint vc="2" uspid="2506" ordinal="0" offset="19" sl="54" sc="9" el="54" ec="9" bec="0" bev="0" fileid="4" />
                <SequencePoint vc="2" uspid="2507" ordinal="0" offset="20" sl="55" sc="13" el="55" ec="13" bec="0" bev="0" fileid="4" />
                <SequencePoint vc="2" uspid="2508" ordinal="0" offset="32" sl="57" sc="13" el="57" ec="13" bec="0" bev="0" fileid="4" />
                <SequencePoint vc="2" uspid="2509" ordinal="0" offset="40" sl="59" sc="13" el="59" ec="13" bec="0" bev="0" fileid="4" />
                <SequencePoint vc="2" uspid="2510" ordinal="0" offset="48" sl="61" sc="20" el="61" ec="20" bec="0" bev="0" fileid="4" />
                <SequencePoint vc="2" uspid="2511" ordinal="0" offset="56" sl="62" sc="13" el="62" ec="13" bec="0" bev="0" fileid="4" />
                <SequencePoint vc="2" uspid="2512" ordinal="0" offset="57" sl="63" sc="24" el="63" ec="24" bec="0" bev="0" fileid="4" />
                <SequencePoint vc="2" uspid="2513" ordinal="0" offset="64" sl="64" sc="17" el="64" ec="17" bec="0" bev="0" fileid="4" />
                <SequencePoint vc="2" uspid="2514" ordinal="0" offset="65" sl="65" sc="21" el="65" ec="21" bec="0" bev="0" fileid="4" />
                <SequencePoint vc="2" uspid="2515" ordinal="0" offset="73" sl="66" sc="17" el="66" ec="17" bec="0" bev="0" fileid="4" />
                <SequencePoint vc="2" uspid="2516" ordinal="0" offset="87" sl="67" sc="13" el="67" ec="13" bec="0" bev="0" fileid="4" />
                <SequencePoint vc="2" uspid="2517" ordinal="0" offset="101" sl="68" sc="9" el="68" ec="9" bec="0" bev="0" fileid="4" />
                <SequencePoint vc="2" uspid="2518" ordinal="0" offset="104" sl="69" sc="17" el="69" ec="17" bec="0" bev="0" fileid="4" />
                <SequencePoint vc="2" uspid="2519" ordinal="0" offset="105" sl="69" sc="19" el="69" ec="19" bec="0" bev="0" fileid="4" />
                <SequencePoint vc="2" uspid="2520" ordinal="0" offset="107" sl="74" sc="5" el="74" ec="5" bec="0" bev="0" fileid="4" />
              </SequencePoints>
              <BranchPoints />
            </Method>
            <Method visited="true" cyclomaticComplexity="0" nPathComplexity="0" sequenceCoverage="100.0" branchCoverage="0" crapScore="0" isConstructor="false" isStatic="false" isGetter="false" isSetter="false">
              <Summary numSequencePoints="4" visitedSequencePoints="4" numBranchPoints="0" visitedBranchPoints="0" sequenceCoverage="100.0" branchCoverage="0" maxCyclomaticComplexity="0" minCyclomaticComplexity="0" maxCrapScore="0" minCrapScore="0" visitedClasses="0" numClasses="0" visitedMethods="1" numMethods="1" />
              <MetadataToken>100663325</MetadataToken>
              <Name>System.Void FileDataManager::Clear()</Name>
              <FileRef uid="4" />
              <SequencePoints>
                <SequencePoint vc="5" uspid="2521" ordinal="0" offset="0" sl="77" sc="5" el="77" ec="5" bec="0" bev="0" fileid="4" />
                <SequencePoint vc="5" uspid="2522" ordinal="0" offset="1" sl="78" sc="9" el="78" ec="9" bec="0" bev="0" fileid="4" />
                <SequencePoint vc="5" uspid="2523" ordinal="0" offset="19" sl="79" sc="9" el="79" ec="9" bec="0" bev="0" fileid="4" />
                <SequencePoint vc="5" uspid="2524" ordinal="0" offset="26" sl="80" sc="5" el="80" ec="5" bec="0" bev="0" fileid="4" />
              </SequencePoints>
              <BranchPoints />
            </Method>
            <Method visited="true" cyclomaticComplexity="0" nPathComplexity="0" sequenceCoverage="100.0" branchCoverage="0" crapScore="0" isConstructor="false" isStatic="false" isGetter="false" isSetter="false">
              <Summary numSequencePoints="10" visitedSequencePoints="10" numBranchPoints="0" visitedBranchPoints="0" sequenceCoverage="100.0" branchCoverage="0" maxCyclomaticComplexity="0" minCyclomaticComplexity="0" maxCrapScore="0" minCrapScore="0" visitedClasses="0" numClasses="0" visitedMethods="1" numMethods="1" />
              <MetadataToken>100663326</MetadataToken>
              <Name>System.String FileDataManager::EncryptDecrypt(System.String)</Name>
              <FileRef uid="4" />
              <SequencePoints>
                <SequencePoint vc="3" uspid="2525" ordinal="0" offset="0" sl="83" sc="5" el="83" ec="5" bec="0" bev="0" fileid="4" />
                <SequencePoint vc="3" uspid="2526" ordinal="0" offset="1" sl="84" sc="9" el="84" ec="9" bec="0" bev="0" fileid="4" />
                <SequencePoint vc="3" uspid="2527" ordinal="0" offset="7" sl="85" sc="14" el="85" ec="14" bec="0" bev="0" fileid="4" />
                <SequencePoint vc="15535" uspid="2528" ordinal="0" offset="11" sl="86" sc="9" el="86" ec="9" bec="0" bev="0" fileid="4" />
                <SequencePoint vc="15535" uspid="2529" ordinal="0" offset="12" sl="87" sc="13" el="87" ec="13" bec="0" bev="0" fileid="4" />
                <SequencePoint vc="15535" uspid="2530" ordinal="0" offset="60" sl="88" sc="9" el="88" ec="9" bec="0" bev="0" fileid="4" />
                <SequencePoint vc="15535" uspid="2531" ordinal="0" offset="61" sl="85" sc="42" el="85" ec="42" bec="0" bev="0" fileid="4" />
                <SequencePoint vc="15538" uspid="2532" ordinal="0" offset="65" sl="85" sc="25" el="85" ec="25" bec="0" bev="0" fileid="4" />
                <SequencePoint vc="3" uspid="2533" ordinal="0" offset="78" sl="89" sc="9" el="89" ec="9" bec="0" bev="0" fileid="4" />
                <SequencePoint vc="3" uspid="2534" ordinal="0" offset="83" sl="90" sc="5" el="90" ec="5" bec="0" bev="0" fileid="4" />
              </SequencePoints>
              <BranchPoints />
            </Method>
            <Method visited="true" cyclomaticComplexity="0" nPathComplexity="0" sequenceCoverage="100.0" branchCoverage="0" crapScore="0" isConstructor="true" isStatic="false" isGetter="false" isSetter="false">
              <Summary numSequencePoints="6" visitedSequencePoints="6" numBranchPoints="0" visitedBranchPoints="0" sequenceCoverage="100.0" branchCoverage="0" maxCyclomaticComplexity="0" minCyclomaticComplexity="0" maxCrapScore="0" minCrapScore="0" visitedClasses="0" numClasses="0" visitedMethods="1" numMethods="1" />
              <MetadataToken>100663322</MetadataToken>
              <Name>FileDataManager::FileDataManager(System.String, System.String)</Name>
              <FileRef uid="4" />
              <SequencePoints>
                <SequencePoint vc="2" uspid="2535" ordinal="0" offset="0" sl="11" sc="5" el="11" ec="5" bec="0" bev="0" fileid="4" />
                <SequencePoint vc="2" uspid="2536" ordinal="0" offset="11" sl="13" sc="5" el="13" ec="5" bec="0" bev="0" fileid="4" />
                <SequencePoint vc="2" uspid="2537" ordinal="0" offset="18" sl="14" sc="5" el="14" ec="5" bec="0" bev="0" fileid="4" />
                <SequencePoint vc="2" uspid="2538" ordinal="0" offset="19" sl="15" sc="9" el="15" ec="9" bec="0" bev="0" fileid="4" />
                <SequencePoint vc="2" uspid="2539" ordinal="0" offset="26" sl="16" sc="9" el="16" ec="9" bec="0" bev="0" fileid="4" />
                <SequencePoint vc="2" uspid="2540" ordinal="0" offset="33" sl="17" sc="5" el="17" ec="5" bec="0" bev="0" fileid="4" />
              </SequencePoints>
              <BranchPoints />
            </Method>
          </Methods>
        </Class>
        <Class>
          <Summary numSequencePoints="4" visitedSequencePoints="4" numBranchPoints="0" visitedBranchPoints="0" sequenceCoverage="100.0" branchCoverage="0.0" maxCyclomaticComplexity="0" minCyclomaticComplexity="0" maxCrapScore="0" minCrapScore="0" visitedClasses="1" numClasses="1" visitedMethods="1" numMethods="1" />
          <FullName>GameData</FullName>
          <Methods>
            <Method visited="true" cyclomaticComplexity="0" nPathComplexity="0" sequenceCoverage="100.0" branchCoverage="0" crapScore="0" isConstructor="true" isStatic="false" isGetter="false" isSetter="false">
              <Summary numSequencePoints="4" visitedSequencePoints="4" numBranchPoints="0" visitedBranchPoints="0" sequenceCoverage="100.0" branchCoverage="0" maxCyclomaticComplexity="0" minCyclomaticComplexity="0" maxCrapScore="0" minCrapScore="0" visitedClasses="0" numClasses="0" visitedMethods="1" numMethods="1" />
              <MetadataToken>100663339</MetadataToken>
              <Name>GameData::GameData()</Name>
              <FileRef uid="6" />
              <SequencePoints>
                <SequencePoint vc="3" uspid="2636" ordinal="0" offset="0" sl="7" sc="5" el="7" ec="5" bec="0" bev="0" fileid="6" />
                <SequencePoint vc="3" uspid="2637" ordinal="0" offset="7" sl="8" sc="5" el="8" ec="5" bec="0" bev="0" fileid="6" />
                <SequencePoint vc="3" uspid="2638" ordinal="0" offset="8" sl="9" sc="9" el="9" ec="9" bec="0" bev="0" fileid="6" />
                <SequencePoint vc="3" uspid="2639" ordinal="0" offset="19" sl="10" sc="5" el="10" ec="5" bec="0" bev="0" fileid="6" />
              </SequencePoints>
              <BranchPoints />
            </Method>
          </Methods>
        </Class>
        <Class>
          <Summary numSequencePoints="55" visitedSequencePoints="55" numBranchPoints="0" visitedBranchPoints="0" sequenceCoverage="100.0" branchCoverage="0.0" maxCyclomaticComplexity="0" minCyclomaticComplexity="0" maxCrapScore="0" minCrapScore="0" visitedClasses="1" numClasses="1" visitedMethods="4" numMethods="4" />
          <FullName>GameField</FullName>
          <Methods>
            <Method visited="true" cyclomaticComplexity="0" nPathComplexity="0" sequenceCoverage="100.0" branchCoverage="0" crapScore="0" isConstructor="false" isStatic="false" isGetter="false" isSetter="false">
              <Summary numSequencePoints="14" visitedSequencePoints="14" numBranchPoints="0" visitedBranchPoints="0" sequenceCoverage="100.0" branchCoverage="0" maxCyclomaticComplexity="0" minCyclomaticComplexity="0" maxCrapScore="0" minCrapScore="0" visitedClasses="0" numClasses="0" visitedMethods="1" numMethods="1" />
              <MetadataToken>100663340</MetadataToken>
              <Name>System.Void GameField::Awake()</Name>
              <FileRef uid="7" />
              <SequencePoints>
                <SequencePoint vc="3" uspid="2640" ordinal="0" offset="0" sl="26" sc="5" el="26" ec="5" bec="0" bev="0" fileid="7" />
                <SequencePoint vc="3" uspid="2641" ordinal="0" offset="1" sl="27" sc="9" el="27" ec="9" bec="0" bev="0" fileid="7" />
                <SequencePoint vc="3" uspid="2642" ordinal="0" offset="12" sl="33" sc="14" el="33" ec="14" bec="0" bev="0" fileid="7" />
                <SequencePoint vc="12" uspid="2643" ordinal="0" offset="16" sl="34" sc="9" el="34" ec="9" bec="0" bev="0" fileid="7" />
                <SequencePoint vc="12" uspid="2644" ordinal="0" offset="17" sl="35" sc="18" el="35" ec="18" bec="0" bev="0" fileid="7" />
                <SequencePoint vc="48" uspid="2645" ordinal="0" offset="21" sl="36" sc="13" el="36" ec="13" bec="0" bev="0" fileid="7" />
                <SequencePoint vc="48" uspid="2646" ordinal="0" offset="22" sl="37" sc="17" el="37" ec="17" bec="0" bev="0" fileid="7" />
                <SequencePoint vc="48" uspid="2647" ordinal="0" offset="56" sl="38" sc="13" el="38" ec="13" bec="0" bev="0" fileid="7" />
                <SequencePoint vc="48" uspid="2648" ordinal="0" offset="57" sl="35" sc="36" el="35" ec="36" bec="0" bev="0" fileid="7" />
                <SequencePoint vc="60" uspid="2649" ordinal="0" offset="61" sl="35" sc="29" el="35" ec="29" bec="0" bev="0" fileid="7" />
                <SequencePoint vc="12" uspid="2650" ordinal="0" offset="69" sl="39" sc="9" el="39" ec="9" bec="0" bev="0" fileid="7" />
                <SequencePoint vc="12" uspid="2651" ordinal="0" offset="70" sl="33" sc="32" el="33" ec="32" bec="0" bev="0" fileid="7" />
                <SequencePoint vc="15" uspid="2652" ordinal="0" offset="74" sl="33" sc="25" el="33" ec="25" bec="0" bev="0" fileid="7" />
                <SequencePoint vc="3" uspid="2653" ordinal="0" offset="82" sl="40" sc="5" el="40" ec="5" bec="0" bev="0" fileid="7" />
              </SequencePoints>
              <BranchPoints />
            </Method>
            <Method visited="true" cyclomaticComplexity="0" nPathComplexity="0" sequenceCoverage="100.0" branchCoverage="0" crapScore="0" isConstructor="false" isStatic="false" isGetter="false" isSetter="false">
              <Summary numSequencePoints="22" visitedSequencePoints="22" numBranchPoints="0" visitedBranchPoints="0" sequenceCoverage="100.0" branchCoverage="0" maxCyclomaticComplexity="0" minCyclomaticComplexity="0" maxCrapScore="0" minCrapScore="0" visitedClasses="0" numClasses="0" visitedMethods="1" numMethods="1" />
              <MetadataToken>100663343</MetadataToken>
              <Name>.Pair[Int32,Int32] GameField::GetEmptyPosition()</Name>
              <FileRef uid="7" />
              <SequencePoints>
                <SequencePoint vc="2" uspid="2683" ordinal="0" offset="0" sl="73" sc="5" el="73" ec="5" bec="0" bev="0" fileid="7" />
                <SequencePoint vc="2" uspid="2684" ordinal="0" offset="1" sl="74" sc="9" el="74" ec="9" bec="0" bev="0" fileid="7" />
                <SequencePoint vc="2" uspid="2685" ordinal="0" offset="7" sl="76" sc="14" el="76" ec="14" bec="0" bev="0" fileid="7" />
                <SequencePoint vc="8" uspid="2686" ordinal="0" offset="11" sl="77" sc="9" el="77" ec="9" bec="0" bev="0" fileid="7" />
                <SequencePoint vc="8" uspid="2687" ordinal="0" offset="12" sl="78" sc="18" el="78" ec="18" bec="0" bev="0" fileid="7" />
                <SequencePoint vc="32" uspid="2688" ordinal="0" offset="16" sl="79" sc="13" el="79" ec="13" bec="0" bev="0" fileid="7" />
                <SequencePoint vc="32" uspid="2689" ordinal="0" offset="17" sl="80" sc="17" el="80" ec="17" bec="0" bev="0" fileid="7" />
                <SequencePoint vc="16" uspid="2690" ordinal="0" offset="39" sl="81" sc="17" el="81" ec="17" bec="0" bev="0" fileid="7" />
                <SequencePoint vc="16" uspid="2691" ordinal="0" offset="40" sl="82" sc="21" el="82" ec="21" bec="0" bev="0" fileid="7" />
                <SequencePoint vc="16" uspid="2692" ordinal="0" offset="54" sl="83" sc="17" el="83" ec="17" bec="0" bev="0" fileid="7" />
                <SequencePoint vc="32" uspid="2693" ordinal="0" offset="55" sl="84" sc="13" el="84" ec="13" bec="0" bev="0" fileid="7" />
                <SequencePoint vc="32" uspid="2694" ordinal="0" offset="56" sl="78" sc="36" el="78" ec="36" bec="0" bev="0" fileid="7" />
                <SequencePoint vc="40" uspid="2695" ordinal="0" offset="60" sl="78" sc="29" el="78" ec="29" bec="0" bev="0" fileid="7" />
                <SequencePoint vc="8" uspid="2696" ordinal="0" offset="70" sl="85" sc="9" el="85" ec="9" bec="0" bev="0" fileid="7" />
                <SequencePoint vc="8" uspid="2697" ordinal="0" offset="71" sl="76" sc="32" el="76" ec="32" bec="0" bev="0" fileid="7" />
                <SequencePoint vc="10" uspid="2698" ordinal="0" offset="75" sl="76" sc="25" el="76" ec="25" bec="0" bev="0" fileid="7" />
                <SequencePoint vc="2" uspid="2699" ordinal="0" offset="85" sl="87" sc="9" el="87" ec="9" bec="0" bev="0" fileid="7" />
                <SequencePoint vc="1" uspid="2700" ordinal="0" offset="100" sl="88" sc="9" el="88" ec="9" bec="0" bev="0" fileid="7" />
                <SequencePoint vc="1" uspid="2701" ordinal="0" offset="101" sl="89" sc="13" el="89" ec="13" bec="0" bev="0" fileid="7" />
                <SequencePoint vc="1" uspid="2702" ordinal="0" offset="112" sl="92" sc="9" el="92" ec="9" bec="0" bev="0" fileid="7" />
                <SequencePoint vc="1" uspid="2703" ordinal="0" offset="125" sl="93" sc="9" el="93" ec="9" bec="0" bev="0" fileid="7" />
                <SequencePoint vc="1" uspid="2704" ordinal="0" offset="136" sl="94" sc="5" el="94" ec="5" bec="0" bev="0" fileid="7" />
              </SequencePoints>
              <BranchPoints />
            </Method>
            <Method visited="true" cyclomaticComplexity="0" nPathComplexity="0" sequenceCoverage="100.0" branchCoverage="0" crapScore="0" isConstructor="false" isStatic="false" isGetter="false" isSetter="false">
              <Summary numSequencePoints="15" visitedSequencePoints="15" numBranchPoints="0" visitedBranchPoints="0" sequenceCoverage="100.0" branchCoverage="0" maxCyclomaticComplexity="0" minCyclomaticComplexity="0" maxCrapScore="0" minCrapScore="0" visitedClasses="0" numClasses="0" visitedMethods="1" numMethods="1" />
              <MetadataToken>100663353</MetadataToken>
              <Name>System.Int32 GameField::CalculateSum()</Name>
              <FileRef uid="7" />
              <SequencePoints>
                <SequencePoint vc="1" uspid="3008" ordinal="0" offset="0" sl="404" sc="5" el="404" ec="5" bec="0" bev="0" fileid="7" />
                <SequencePoint vc="1" uspid="3009" ordinal="0" offset="1" sl="405" sc="9" el="405" ec="9" bec="0" bev="0" fileid="7" />
                <SequencePoint vc="1" uspid="3010" ordinal="0" offset="3" sl="407" sc="9" el="407" ec="9" bec="0" bev="0" fileid="7" />
                <SequencePoint vc="1" uspid="3011" ordinal="0" offset="4" sl="407" sc="31" el="407" ec="31" bec="0" bev="0" fileid="7" />
                <SequencePoint vc="16" uspid="3012" ordinal="0" offset="49" sl="407" sc="18" el="407" ec="18" bec="0" bev="0" fileid="7" />
                <SequencePoint vc="16" uspid="3013" ordinal="0" offset="61" sl="408" sc="9" el="408" ec="9" bec="0" bev="0" fileid="7" />
                <SequencePoint vc="16" uspid="3014" ordinal="0" offset="62" sl="409" sc="13" el="409" ec="13" bec="0" bev="0" fileid="7" />
                <SequencePoint vc="2" uspid="3015" ordinal="0" offset="73" sl="410" sc="13" el="410" ec="13" bec="0" bev="0" fileid="7" />
                <SequencePoint vc="2" uspid="3016" ordinal="0" offset="74" sl="411" sc="17" el="411" ec="17" bec="0" bev="0" fileid="7" />
                <SequencePoint vc="2" uspid="3017" ordinal="0" offset="84" sl="412" sc="13" el="412" ec="13" bec="0" bev="0" fileid="7" />
                <SequencePoint vc="16" uspid="3018" ordinal="0" offset="85" sl="413" sc="9" el="413" ec="9" bec="0" bev="0" fileid="7" />
                <SequencePoint vc="20" uspid="3019" ordinal="0" offset="92" sl="407" sc="28" el="407" ec="28" bec="0" bev="0" fileid="7" />
                <SequencePoint vc="5" uspid="3020" ordinal="0" offset="103" sl="407" sc="28" el="407" ec="28" bec="0" bev="0" fileid="7" />
                <SequencePoint vc="1" uspid="3021" ordinal="0" offset="108" sl="415" sc="9" el="415" ec="9" bec="0" bev="0" fileid="7" />
                <SequencePoint vc="1" uspid="3022" ordinal="0" offset="113" sl="416" sc="5" el="416" ec="5" bec="0" bev="0" fileid="7" />
              </SequencePoints>
              <BranchPoints />
            </Method>
            <Method visited="true" cyclomaticComplexity="0" nPathComplexity="0" sequenceCoverage="100.0" branchCoverage="0" crapScore="0" isConstructor="true" isStatic="false" isGetter="false" isSetter="false">
              <Summary numSequencePoints="4" visitedSequencePoints="4" numBranchPoints="0" visitedBranchPoints="0" sequenceCoverage="100.0" branchCoverage="0" maxCyclomaticComplexity="0" minCyclomaticComplexity="0" maxCrapScore="0" minCrapScore="0" visitedClasses="0" numClasses="0" visitedMethods="1" numMethods="1" />
              <MetadataToken>100663354</MetadataToken>
              <Name>GameField::GameField()</Name>
              <FileRef uid="7" />
              <SequencePoints>
                <SequencePoint vc="3" uspid="3023" ordinal="0" offset="0" sl="12" sc="5" el="12" ec="5" bec="0" bev="0" fileid="7" />
                <SequencePoint vc="3" uspid="3024" ordinal="0" offset="11" sl="15" sc="5" el="15" ec="5" bec="0" bev="0" fileid="7" />
                <SequencePoint vc="3" uspid="3025" ordinal="0" offset="24" sl="19" sc="5" el="19" ec="5" bec="0" bev="0" fileid="7" />
                <SequencePoint vc="3" uspid="3026" ordinal="0" offset="37" sl="21" sc="5" el="21" ec="5" bec="0" bev="0" fileid="7" />
              </SequencePoints>
              <BranchPoints />
            </Method>
          </Methods>
        </Class>
        <Class>
          <Summary numSequencePoints="8" visitedSequencePoints="8" numBranchPoints="0" visitedBranchPoints="0" sequenceCoverage="100.0" branchCoverage="0.0" maxCyclomaticComplexity="0" minCyclomaticComplexity="0" maxCrapScore="0" minCrapScore="0" visitedClasses="1" numClasses="1" visitedMethods="2" numMethods="2" />
          <FullName>ObservableInt</FullName>
          <Methods>
            <Method visited="true" cyclomaticComplexity="0" nPathComplexity="0" sequenceCoverage="100.0" branchCoverage="0" crapScore="0" isConstructor="false" isStatic="false" isGetter="false" isSetter="true">
              <Summary numSequencePoints="7" visitedSequencePoints="7" numBranchPoints="0" visitedBranchPoints="0" sequenceCoverage="100.0" branchCoverage="0" maxCyclomaticComplexity="0" minCyclomaticComplexity="0" maxCrapScore="0" minCrapScore="0" visitedClasses="0" numClasses="0" visitedMethods="1" numMethods="1" />
              <MetadataToken>100663383</MetadataToken>
              <Name>System.Void ObservableInt::set_Value(System.Int32)</Name>
              <FileRef uid="9" />
              <SequencePoints>
                <SequencePoint vc="1" uspid="3119" ordinal="0" offset="0" sl="12" sc="9" el="12" ec="9" bec="0" bev="0" fileid="9" />
                <SequencePoint vc="1" uspid="3120" ordinal="0" offset="1" sl="13" sc="13" el="13" ec="13" bec="0" bev="0" fileid="9" />
                <SequencePoint vc="1" uspid="3121" ordinal="0" offset="17" sl="14" sc="13" el="14" ec="13" bec="0" bev="0" fileid="9" />
                <SequencePoint vc="1" uspid="3122" ordinal="0" offset="18" sl="15" sc="17" el="15" ec="17" bec="0" bev="0" fileid="9" />
                <SequencePoint vc="1" uspid="3123" ordinal="0" offset="25" sl="16" sc="17" el="16" ec="17" bec="0" bev="0" fileid="9" />
                <SequencePoint vc="1" uspid="3124" ordinal="0" offset="44" sl="17" sc="13" el="17" ec="13" bec="0" bev="0" fileid="9" />
                <SequencePoint vc="1" uspid="3125" ordinal="0" offset="45" sl="18" sc="9" el="18" ec="9" bec="0" bev="0" fileid="9" />
              </SequencePoints>
              <BranchPoints />
            </Method>
            <Method visited="true" cyclomaticComplexity="0" nPathComplexity="0" sequenceCoverage="100.0" branchCoverage="0" crapScore="0" isConstructor="true" isStatic="false" isGetter="false" isSetter="false">
              <Summary numSequencePoints="1" visitedSequencePoints="1" numBranchPoints="0" visitedBranchPoints="0" sequenceCoverage="100.0" branchCoverage="0" maxCyclomaticComplexity="0" minCyclomaticComplexity="0" maxCrapScore="0" minCrapScore="0" visitedClasses="0" numClasses="0" visitedMethods="1" numMethods="1" />
              <MetadataToken>100663384</MetadataToken>
              <Name>ObservableInt::ObservableInt()</Name>
              <FileRef uid="9" />
              <SequencePoints>
                <SequencePoint vc="1" uspid="3126" ordinal="0" offset="0" sl="5" sc="5" el="5" ec="5" bec="0" bev="0" fileid="9" />
              </SequencePoints>
              <BranchPoints />
            </Method>
          </Methods>
        </Class>
        <Class>
          <Summary numSequencePoints="5" visitedSequencePoints="5" numBranchPoints="0" visitedBranchPoints="0" sequenceCoverage="100.0" branchCoverage="0.0" maxCyclomaticComplexity="0" minCyclomaticComplexity="0" maxCrapScore="0" minCrapScore="0" visitedClasses="1" numClasses="1" visitedMethods="1" numMethods="1" />
          <FullName>Pair[T,U]</FullName>
          <Methods>
            <Method visited="true" cyclomaticComplexity="0" nPathComplexity="0" sequenceCoverage="100.0" branchCoverage="0" crapScore="0" isConstructor="true" isStatic="false" isGetter="false" isSetter="false">
              <Summary numSequencePoints="5" visitedSequencePoints="5" numBranchPoints="0" visitedBranchPoints="0" sequenceCoverage="100.0" branchCoverage="0" maxCyclomaticComplexity="0" minCyclomaticComplexity="0" maxCrapScore="0" minCrapScore="0" visitedClasses="0" numClasses="0" visitedMethods="1" numMethods="1" />
              <MetadataToken>100663385</MetadataToken>
              <Name>Pair[T,U]::Pair(T, U)</Name>
              <FileRef uid="10" />
              <SequencePoints>
                <SequencePoint vc="65" uspid="3127" ordinal="0" offset="0" sl="9" sc="0" el="9" ec="0" bec="0" bev="0" fileid="10" />
                <SequencePoint vc="65" uspid="3128" ordinal="0" offset="7" sl="10" sc="0" el="10" ec="0" bec="0" bev="0" fileid="10" />
                <SequencePoint vc="65" uspid="3129" ordinal="0" offset="8" sl="11" sc="0" el="11" ec="0" bec="0" bev="0" fileid="10" />
                <SequencePoint vc="65" uspid="3130" ordinal="0" offset="15" sl="12" sc="0" el="12" ec="0" bec="0" bev="0" fileid="10" />
                <SequencePoint vc="65" uspid="3131" ordinal="0" offset="22" sl="13" sc="0" el="13" ec="0" bec="0" bev="0" fileid="10" />
              </SequencePoints>
              <BranchPoints />
            </Method>
          </Methods>
        </Class>
        <Class>
          <Summary numSequencePoints="25" visitedSequencePoints="25" numBranchPoints="0" visitedBranchPoints="0" sequenceCoverage="100.0" branchCoverage="0.0" maxCyclomaticComplexity="0" minCyclomaticComplexity="0" maxCrapScore="0" minCrapScore="0" visitedClasses="1" numClasses="1" visitedMethods="3" numMethods="3" />
          <FullName>Serializable2DArray</FullName>
          <Methods>
            <Method visited="true" cyclomaticComplexity="0" nPathComplexity="0" sequenceCoverage="100.0" branchCoverage="0" crapScore="0" isConstructor="false" isStatic="false" isGetter="false" isSetter="false">
              <Summary numSequencePoints="14" visitedSequencePoints="14" numBranchPoints="0" visitedBranchPoints="0" sequenceCoverage="100.0" branchCoverage="0" maxCyclomaticComplexity="0" minCyclomaticComplexity="0" maxCrapScore="0" minCrapScore="0" visitedClasses="0" numClasses="0" visitedMethods="1" numMethods="1" />
              <MetadataToken>100663389</MetadataToken>
              <Name>System.Void Serializable2DArray::OnBeforeSerialize()</Name>
              <FileRef uid="12" />
              <SequencePoints>
                <SequencePoint vc="3" uspid="3144" ordinal="0" offset="0" sl="28" sc="5" el="28" ec="5" bec="0" bev="0" fileid="12" />
                <SequencePoint vc="3" uspid="3145" ordinal="0" offset="1" sl="29" sc="9" el="29" ec="9" bec="0" bev="0" fileid="12" />
                <SequencePoint vc="3" uspid="3146" ordinal="0" offset="12" sl="30" sc="14" el="30" ec="14" bec="0" bev="0" fileid="12" />
                <SequencePoint vc="12" uspid="3147" ordinal="0" offset="16" sl="31" sc="9" el="31" ec="9" bec="0" bev="0" fileid="12" />
                <SequencePoint vc="12" uspid="3148" ordinal="0" offset="17" sl="32" sc="18" el="32" ec="18" bec="0" bev="0" fileid="12" />
                <SequencePoint vc="48" uspid="3149" ordinal="0" offset="21" sl="33" sc="13" el="33" ec="13" bec="0" bev="0" fileid="12" />
                <SequencePoint vc="48" uspid="3150" ordinal="0" offset="22" sl="34" sc="17" el="34" ec="17" bec="0" bev="0" fileid="12" />
                <SequencePoint vc="48" uspid="3151" ordinal="0" offset="122" sl="35" sc="13" el="35" ec="13" bec="0" bev="0" fileid="12" />
                <SequencePoint vc="48" uspid="3152" ordinal="0" offset="123" sl="32" sc="36" el="32" ec="36" bec="0" bev="0" fileid="12" />
                <SequencePoint vc="60" uspid="3153" ordinal="0" offset="127" sl="32" sc="29" el="32" ec="29" bec="0" bev="0" fileid="12" />
                <SequencePoint vc="12" uspid="3154" ordinal="0" offset="135" sl="36" sc="9" el="36" ec="9" bec="0" bev="0" fileid="12" />
                <SequencePoint vc="12" uspid="3155" ordinal="0" offset="136" sl="30" sc="32" el="30" ec="32" bec="0" bev="0" fileid="12" />
                <SequencePoint vc="15" uspid="3156" ordinal="0" offset="140" sl="30" sc="25" el="30" ec="25" bec="0" bev="0" fileid="12" />
                <SequencePoint vc="3" uspid="3157" ordinal="0" offset="151" sl="37" sc="5" el="37" ec="5" bec="0" bev="0" fileid="12" />
              </SequencePoints>
              <BranchPoints />
            </Method>
            <Method visited="true" cyclomaticComplexity="0" nPathComplexity="0" sequenceCoverage="100.0" branchCoverage="0" crapScore="0" isConstructor="false" isStatic="false" isGetter="false" isSetter="false">
              <Summary numSequencePoints="10" visitedSequencePoints="10" numBranchPoints="0" visitedBranchPoints="0" sequenceCoverage="100.0" branchCoverage="0" maxCyclomaticComplexity="0" minCyclomaticComplexity="0" maxCrapScore="0" minCrapScore="0" visitedClasses="0" numClasses="0" visitedMethods="1" numMethods="1" />
              <MetadataToken>100663390</MetadataToken>
              <Name>System.Void Serializable2DArray::OnAfterDeserialize()</Name>
              <FileRef uid="12" />
              <SequencePoints>
                <SequencePoint vc="2" uspid="3158" ordinal="0" offset="0" sl="40" sc="5" el="40" ec="5" bec="0" bev="0" fileid="12" />
                <SequencePoint vc="2" uspid="3159" ordinal="0" offset="1" sl="41" sc="9" el="41" ec="9" bec="0" bev="0" fileid="12" />
                <SequencePoint vc="2" uspid="3160" ordinal="0" offset="14" sl="42" sc="9" el="42" ec="9" bec="0" bev="0" fileid="12" />
                <SequencePoint vc="2" uspid="3161" ordinal="0" offset="15" sl="42" sc="33" el="42" ec="33" bec="0" bev="0" fileid="12" />
                <SequencePoint vc="32" uspid="3162" ordinal="0" offset="29" sl="42" sc="18" el="42" ec="18" bec="0" bev="0" fileid="12" />
                <SequencePoint vc="32" uspid="3163" ordinal="0" offset="37" sl="43" sc="9" el="43" ec="9" bec="0" bev="0" fileid="12" />
                <SequencePoint vc="32" uspid="3164" ordinal="0" offset="38" sl="44" sc="13" el="44" ec="13" bec="0" bev="0" fileid="12" />
                <SequencePoint vc="32" uspid="3165" ordinal="0" offset="88" sl="45" sc="9" el="45" ec="9" bec="0" bev="0" fileid="12" />
                <SequencePoint vc="34" uspid="3166" ordinal="0" offset="89" sl="42" sc="30" el="42" ec="30" bec="0" bev="0" fileid="12" />
                <SequencePoint vc="2" uspid="3167" ordinal="0" offset="115" sl="46" sc="5" el="46" ec="5" bec="0" bev="0" fileid="12" />
              </SequencePoints>
              <BranchPoints />
            </Method>
            <Method visited="true" cyclomaticComplexity="0" nPathComplexity="0" sequenceCoverage="100.0" branchCoverage="0" crapScore="0" isConstructor="true" isStatic="false" isGetter="false" isSetter="false">
              <Summary numSequencePoints="1" visitedSequencePoints="1" numBranchPoints="0" visitedBranchPoints="0" sequenceCoverage="100.0" branchCoverage="0" maxCyclomaticComplexity="0" minCyclomaticComplexity="0" maxCrapScore="0" minCrapScore="0" visitedClasses="0" numClasses="0" visitedMethods="1" numMethods="1" />
              <MetadataToken>100663391</MetadataToken>
              <Name>Serializable2DArray::Serializable2DArray()</Name>
              <FileRef uid="12" />
              <SequencePoints>
                <SequencePoint vc="4" uspid="3168" ordinal="0" offset="0" sl="9" sc="5" el="9" ec="5" bec="0" bev="0" fileid="12" />
              </SequencePoints>
              <BranchPoints />
            </Method>
          </Methods>
        </Class>
        <Class>
          <Summary numSequencePoints="5" visitedSequencePoints="5" numBranchPoints="0" visitedBranchPoints="0" sequenceCoverage="100.0" branchCoverage="0.0" maxCyclomaticComplexity="0" minCyclomaticComplexity="0" maxCrapScore="0" minCrapScore="0" visitedClasses="1" numClasses="1" visitedMethods="1" numMethods="1" />
          <FullName>Serializable2DArrayPackage[TElement]</FullName>
          <Methods>
            <Method visited="true" cyclomaticComplexity="0" nPathComplexity="0" sequenceCoverage="100.0" branchCoverage="0" crapScore="0" isConstructor="true" isStatic="false" isGetter="false" isSetter="false">
              <Summary numSequencePoints="5" visitedSequencePoints="5" numBranchPoints="0" visitedBranchPoints="0" sequenceCoverage="100.0" branchCoverage="0" maxCyclomaticComplexity="0" minCyclomaticComplexity="0" maxCrapScore="0" minCrapScore="0" visitedClasses="0" numClasses="0" visitedMethods="1" numMethods="1" />
              <MetadataToken>100663406</MetadataToken>
              <Name>Serializable2DArrayPackage[TElement]::Package(System.Int32, System.Int32, TElement)</Name>
              <FileRef uid="12" />
              <SequencePoints>
                <SequencePoint vc="48" uspid="3192" ordinal="0" offset="0" sl="21" sc="0" el="21" ec="0" bec="0" bev="0" fileid="12" />
                <SequencePoint vc="48" uspid="3193" ordinal="0" offset="1" sl="22" sc="0" el="22" ec="0" bec="0" bev="0" fileid="12" />
                <SequencePoint vc="48" uspid="3194" ordinal="0" offset="8" sl="23" sc="0" el="23" ec="0" bec="0" bev="0" fileid="12" />
                <SequencePoint vc="48" uspid="3195" ordinal="0" offset="15" sl="24" sc="0" el="24" ec="0" bec="0" bev="0" fileid="12" />
                <SequencePoint vc="48" uspid="3196" ordinal="0" offset="22" sl="25" sc="0" el="25" ec="0" bec="0" bev="0" fileid="12" />
              </SequencePoints>
              <BranchPoints />
            </Method>
          </Methods>
        </Class>
      </Classes>
    </Module>
  </Modules>
</CoverageSession>